#
# A fatal error has been detected by the Java Runtime Environment:
#
#  EXCEPTION_ACCESS_VIOLATION (0xc0000005) at pc=0x00007ff87db2a8c5, pid=10992, tid=13708
#
# JRE version: Java(TM) SE Runtime Environment 18.9 (11.0.7+8) (build 11.0.7+8-LTS)
# Java VM: Java HotSpot(TM) 64-Bit Server VM 18.9 (11.0.7+8-LTS, mixed mode, tiered, compressed oops, g1 gc, windows-amd64)
# Problematic frame:
# V  [jvm.dll+0x68a8c5]
#
# No core dump will be written. Minidumps are not enabled by default on client versions of Windows
#
# If you would like to submit a bug report, please visit:
#   https://bugreport.java.com/bugreport/crash.jsp
#

---------------  S U M M A R Y ------------

Command Line: -Dcom.sun.management.jmxremote -Dcom.sun.management.jmxremote.port=56719 -Dcom.sun.management.jmxremote.authenticate=false -Dcom.sun.management.jmxremote.ssl=false -Djava.rmi.server.hostname=localhost -Dspring.jmx.enabled=true -Dspring.application.admin.enabled=true -Xverify:none -XX:TieredStopAtLevel=1 -Dspring.boot.project.name=cursomc-master -Dfile.encoding=UTF-8 com.thiagolima.cursomc.CursomcApplication --spring.output.ansi.enabled=always

Host: Intel(R) Core(TM) i5-2467M CPU @ 1.60GHz, 4 cores, 15G,  Windows 10 , 64 bit Build 18362 (10.0.18362.778)
Time: Sat Jun  6 22:14:58 2020 Hora oficial do Brasil elapsed time: 3 seconds (0d 0h 0m 3s)

---------------  T H R E A D  ---------------

Current thread (0x00000288fd7ba800):  WatcherThread [stack: 0x000000d3d5a00000,0x000000d3d5b00000] [id=13708]

Stack: [0x000000d3d5a00000,0x000000d3d5b00000],  sp=0x000000d3d5aff900,  free space=1022k
Native frames: (J=compiled Java code, j=interpreted, Vv=VM code, C=native code)
V  [jvm.dll+0x68a8c5]
V  [jvm.dll+0x6f394f]
V  [jvm.dll+0x73fc7d]
V  [jvm.dll+0x765fe9]
V  [jvm.dll+0x75e875]
V  [jvm.dll+0x660b26]
C  [ucrtbase.dll+0x20e82]
C  [KERNEL32.DLL+0x17bd4]
C  [ntdll.dll+0x6ce51]


siginfo: EXCEPTION_ACCESS_VIOLATION (0xc0000005), reading address 0x00007ff80000000f


Register to memory mapping:

RIP=0x00007ff87db2a8c5 jvm.dll
RAX=0x00007ff80000000f is an unknown value
RBX=0x00000288fd717960 points into unknown readable memory: 80 bb d9 7d f8 7f 00 00
RCX=0x00000288fd74bf10 points into unknown readable memory: 0f 00 00 00 f8 7f 00 00
RDX=0x0000000000000032 is an unknown value
RSP=0x000000d3d5aff900 points into unknown readable memory: 70 9c c6 d6 88 02 00 00
RBP=0x0000000000000002 is an unknown value
RSI=0x00000288fd74bda0 points into unknown readable memory: 80 bb 7a fd 88 02 00 00
RDI=0x0 is NULL
R8 =0x0 is NULL
R9 =0x00000288e0880b80 is at begin+0 in a stub
StubRoutines::atomic_cmpxchg_long [0x00000288e0880b80, 0x00000288e0880b89[ (9 bytes)
R10=0x0000000000000001 is an unknown value
R11=0x0000014b8284d2ac is an unknown value
R12=0x0 is NULL
R13=0x00000288fd7ba800 points into unknown readable memory: 18 92 da 7d f8 7f 00 00
R14=0x0000000000000032 is an unknown value
R15=0x00000288fd5e2700 points into unknown readable memory: 00 00 00 00 00 00 00 00


Registers:
RAX=0x00007ff80000000f, RBX=0x00000288fd717960, RCX=0x00000288fd74bf10, RDX=0x0000000000000032
RSP=0x000000d3d5aff900, RBP=0x0000000000000002, RSI=0x00000288fd74bda0, RDI=0x0000000000000000
R8 =0x0000000000000000, R9 =0x00000288e0880b80, R10=0x0000000000000001, R11=0x0000014b8284d2ac
R12=0x0000000000000000, R13=0x00000288fd7ba800, R14=0x0000000000000032, R15=0x00000288fd5e2700
RIP=0x00007ff87db2a8c5, EFLAGS=0x0000000000010202

Top of Stack: (sp=0x000000d3d5aff900)
0x000000d3d5aff900:   00000288d6c69c70 0000000000000ac8
0x000000d3d5aff910:   0000000000000001 00007ff87dad3850
0x000000d3d5aff920:   0000000000000000 00007ff87db9394f
0x000000d3d5aff930:   00000288fd7ba800 00000288fd7ba800
0x000000d3d5aff940:   0000c5e929586c58 00007ff87dad42d9
0x000000d3d5aff950:   00007ff87df4abc8 00007ff87dbdfc7d
0x000000d3d5aff960:   0000000000000001 00000288d6c69c70
0x000000d3d5aff970:   00000288d6c69c70 431bde82d7b634db
0x000000d3d5aff980:   00000288fd5e2700 0000c5e929586c58
0x000000d3d5aff990:   00000288d6c69c70 00007ff87dc05fe9
0x000000d3d5aff9a0:   0000000000000001 0000000000000032
0x000000d3d5aff9b0:   0000000000000032 0000000000000002
0x000000d3d5aff9c0:   0000000000000000 0000000000000000
0x000000d3d5aff9d0:   0000000000000000 00007ff8bcb0ce30
0x000000d3d5aff9e0:   000000000000027f 0000000000000000
0x000000d3d5aff9f0:   0000000000000000 0000ffff00001f80 

Instructions: (pc=0x00007ff87db2a8c5)
0x00007ff87db2a8a5:   70 48 83 c4 50 5f c3 cc cc cc cc 40 53 48 83 ec
0x00007ff87db2a8b5:   20 48 8b d9 48 8b 49 38 48 85 c9 74 0c 48 8b 01
0x00007ff87db2a8c5:   ff 10 48 8b 4b 28 48 89 01 48 83 c4 20 5b c3 cc
0x00007ff87db2a8d5:   cc cc cc cc cc cc cc cc cc cc cc 48 89 5c 24 08 


Stack slot to memory mapping:
stack at sp + 0 slots: 0x00000288d6c69c70 points into unknown readable memory: 01 00 00 00 00 00 00 00
stack at sp + 1 slots: 0x0000000000000ac8 is an unknown value
stack at sp + 2 slots: 0x0000000000000001 is an unknown value
stack at sp + 3 slots: 0x00007ff87dad3850 jvm.dll
stack at sp + 4 slots: 0x0 is NULL
stack at sp + 5 slots: 0x00007ff87db9394f jvm.dll
stack at sp + 6 slots: 0x00000288fd7ba800 points into unknown readable memory: 18 92 da 7d f8 7f 00 00
stack at sp + 7 slots: 0x00000288fd7ba800 points into unknown readable memory: 18 92 da 7d f8 7f 00 00


---------------  P R O C E S S  ---------------

Threads class SMR info:
_java_thread_list=0x00000288fd7ab670, length=12, elements={
0x00000288d6c6e000, 0x00000288fbca6000, 0x00000288fbcaf000, 0x00000288fc5a5800,
0x00000288fc5a8000, 0x00000288fc5a9000, 0x00000288fc5ca800, 0x00000288fc74f000,
0x00000288fc7d2800, 0x00000288fd72a800, 0x00000288fd73e000, 0x00000288fd7ae800
}

Java Threads: ( => current thread )
  0x00000288d6c6e000 JavaThread "main" [_thread_in_vm, id=7908, stack(0x000000d3d4500000,0x000000d3d4600000)]
  0x00000288fbca6000 JavaThread "Reference Handler" daemon [_thread_blocked, id=8708, stack(0x000000d3d4c00000,0x000000d3d4d00000)]
  0x00000288fbcaf000 JavaThread "Finalizer" daemon [_thread_blocked, id=14144, stack(0x000000d3d4d00000,0x000000d3d4e00000)]
  0x00000288fc5a5800 JavaThread "Signal Dispatcher" daemon [_thread_blocked, id=11016, stack(0x000000d3d4e00000,0x000000d3d4f00000)]
  0x00000288fc5a8000 JavaThread "Attach Listener" daemon [_thread_blocked, id=11404, stack(0x000000d3d4f00000,0x000000d3d5000000)]
  0x00000288fc5a9000 JavaThread "C1 CompilerThread0" daemon [_thread_in_native, id=12448, stack(0x000000d3d5000000,0x000000d3d5100000)]
  0x00000288fc5ca800 JavaThread "Sweeper thread" daemon [_thread_blocked, id=5368, stack(0x000000d3d5100000,0x000000d3d5200000)]
  0x00000288fc74f000 JavaThread "Common-Cleaner" daemon [_thread_blocked, id=7216, stack(0x000000d3d5200000,0x000000d3d5300000)]
  0x00000288fc7d2800 JavaThread "Service Thread" daemon [_thread_blocked, id=5968, stack(0x000000d3d5300000,0x000000d3d5400000)]
  0x00000288fd72a800 JavaThread "RMI TCP Accept-0" daemon [_thread_in_native, id=11956, stack(0x000000d3d5700000,0x000000d3d5800000)]
  0x00000288fd73e000 JavaThread "RMI TCP Accept-56719" daemon [_thread_in_native, id=10764, stack(0x000000d3d5800000,0x000000d3d5900000)]
  0x00000288fd7ae800 JavaThread "RMI TCP Accept-0" daemon [_thread_in_native, id=11072, stack(0x000000d3d5900000,0x000000d3d5a00000)]

Other Threads:
  0x00000288fbc8a000 VMThread "VM Thread" [stack: 0x000000d3d4b00000,0x000000d3d4c00000] [id=7016]
=>0x00000288fd7ba800 WatcherThread [stack: 0x000000d3d5a00000,0x000000d3d5b00000] [id=13708]
  0x00000288d6c84000 GCTaskThread "GC Thread#0" [stack: 0x000000d3d4600000,0x000000d3d4700000] [id=6532]
  0x00000288fd2ba800 GCTaskThread "GC Thread#1" [stack: 0x000000d3d5400000,0x000000d3d5500000] [id=5048]
  0x00000288fd2bb000 GCTaskThread "GC Thread#2" [stack: 0x000000d3d5500000,0x000000d3d5600000] [id=8300]
  0x00000288fd2bc000 GCTaskThread "GC Thread#3" [stack: 0x000000d3d5600000,0x000000d3d5700000] [id=11104]
  0x00000288d6ce4800 ConcurrentGCThread "G1 Main Marker" [stack: 0x000000d3d4700000,0x000000d3d4800000] [id=13000]
  0x00000288d6ce7800 ConcurrentGCThread "G1 Conc#0" [stack: 0x000000d3d4800000,0x000000d3d4900000] [id=1660]
  0x00000288fbb89000 ConcurrentGCThread "G1 Refine#0" [stack: 0x000000d3d4900000,0x000000d3d4a00000] [id=11824]
  0x00000288fbb8a800 ConcurrentGCThread "G1 Young RemSet Sampling" [stack: 0x000000d3d4a00000,0x000000d3d4b00000] [id=7604]

Threads with active compile tasks:
C1 CompilerThread01236       1       java.net.URLStreamHandler::parseURL (1201 bytes)

VM state:not at safepoint (normal execution)

VM Mutex/Monitor currently owned by a thread:  ([mutex/lock_event])
[0x00000288d6c69c70] PeriodicTask_lock - owner thread: 0x00000288fd7ba800

Heap address: 0x0000000701a00000, size: 4070 MB, Compressed Oops mode: Zero based, Oop shift amount: 3
Narrow klass base: 0x0000000800000000, Narrow klass shift: 0
Compressed class space size: 1073741824 Address: 0x0000000800000000

Heap:
 garbage-first heap   total 262144K, used 24568K [0x0000000701a00000, 0x0000000800000000)
  region size 1024K, 9 young (9216K), 2 survivors (2048K)
 Metaspace       used 13390K, capacity 13783K, committed 13824K, reserved 1060864K
  class space    used 1404K, capacity 1536K, committed 1536K, reserved 1048576K
Heap Regions: E=young(eden), S=young(survivor), O=old, HS=humongous(starts), HC=humongous(continues), CS=collection set, F=free, A=archive, TAMS=top-at-mark-start (previous, next)
|   0|0x0000000701a00000, 0x0000000701b00000, 0x0000000701b00000|100%|HS|  |TAMS 0x0000000701a00000, 0x0000000701a00000| Complete 
|   1|0x0000000701b00000, 0x0000000701c00000, 0x0000000701c00000|100%| O|  |TAMS 0x0000000701b00000, 0x0000000701b00000| Untracked 
|   2|0x0000000701c00000, 0x0000000701d00000, 0x0000000701d00000|100%| O|  |TAMS 0x0000000701c00000, 0x0000000701c00000| Untracked 
|   3|0x0000000701d00000, 0x0000000701e00000, 0x0000000701e00000|100%| O|  |TAMS 0x0000000701d00000, 0x0000000701d00000| Untracked 
|   4|0x0000000701e00000, 0x0000000701f00000, 0x0000000701f00000|100%| O|  |TAMS 0x0000000701e00000, 0x0000000701e00000| Untracked 
|   5|0x0000000701f00000, 0x0000000702000000, 0x0000000702000000|100%| O|  |TAMS 0x0000000701f00000, 0x0000000701f00000| Untracked 
|   6|0x0000000702000000, 0x0000000702100000, 0x0000000702100000|100%| O|  |TAMS 0x0000000702000000, 0x0000000702000000| Untracked 
|   7|0x0000000702100000, 0x0000000702200000, 0x0000000702200000|100%| O|  |TAMS 0x0000000702100000, 0x0000000702100000| Untracked 
|   8|0x0000000702200000, 0x0000000702300000, 0x0000000702300000|100%| O|  |TAMS 0x0000000702200000, 0x0000000702200000| Untracked 
|   9|0x0000000702300000, 0x0000000702400000, 0x0000000702400000|100%| O|  |TAMS 0x0000000702300000, 0x0000000702300000| Untracked 
|  10|0x0000000702400000, 0x0000000702500000, 0x0000000702500000|100%| O|  |TAMS 0x0000000702400000, 0x0000000702400000| Untracked 
|  11|0x0000000702500000, 0x0000000702600000, 0x0000000702600000|100%| O|  |TAMS 0x0000000702500000, 0x0000000702500000| Untracked 
|  12|0x0000000702600000, 0x0000000702700000, 0x0000000702700000|100%| O|  |TAMS 0x0000000702600000, 0x0000000702600000| Untracked 
|  13|0x0000000702700000, 0x0000000702800000, 0x0000000702800000|100%| O|  |TAMS 0x0000000702700000, 0x0000000702700000| Untracked 
|  14|0x0000000702800000, 0x0000000702900000, 0x0000000702900000|100%| O|  |TAMS 0x0000000702800000, 0x0000000702800000| Untracked 
|  15|0x0000000702900000, 0x00000007029fe000, 0x0000000702a00000| 99%| O|  |TAMS 0x0000000702900000, 0x0000000702900000| Untracked 
|  16|0x0000000702a00000, 0x0000000702a00000, 0x0000000702b00000|  0%| F|  |TAMS 0x0000000702a00000, 0x0000000702a00000| Untracked 
|  17|0x0000000702b00000, 0x0000000702b00000, 0x0000000702c00000|  0%| F|  |TAMS 0x0000000702b00000, 0x0000000702b00000| Untracked 
|  18|0x0000000702c00000, 0x0000000702c00000, 0x0000000702d00000|  0%| F|  |TAMS 0x0000000702c00000, 0x0000000702c00000| Untracked 
|  19|0x0000000702d00000, 0x0000000702d00000, 0x0000000702e00000|  0%| F|  |TAMS 0x0000000702d00000, 0x0000000702d00000| Untracked 
|  20|0x0000000702e00000, 0x0000000702e00000, 0x0000000702f00000|  0%| F|  |TAMS 0x0000000702e00000, 0x0000000702e00000| Untracked 
|  21|0x0000000702f00000, 0x0000000702f00000, 0x0000000703000000|  0%| F|  |TAMS 0x0000000702f00000, 0x0000000702f00000| Untracked 
|  22|0x0000000703000000, 0x0000000703000000, 0x0000000703100000|  0%| F|  |TAMS 0x0000000703000000, 0x0000000703000000| Untracked 
|  23|0x0000000703100000, 0x0000000703100000, 0x0000000703200000|  0%| F|  |TAMS 0x0000000703100000, 0x0000000703100000| Untracked 
|  24|0x0000000703200000, 0x0000000703200000, 0x0000000703300000|  0%| F|  |TAMS 0x0000000703200000, 0x0000000703200000| Untracked 
|  25|0x0000000703300000, 0x0000000703300000, 0x0000000703400000|  0%| F|  |TAMS 0x0000000703300000, 0x0000000703300000| Untracked 
|  26|0x0000000703400000, 0x0000000703400000, 0x0000000703500000|  0%| F|  |TAMS 0x0000000703400000, 0x0000000703400000| Untracked 
|  27|0x0000000703500000, 0x0000000703500000, 0x0000000703600000|  0%| F|  |TAMS 0x0000000703500000, 0x0000000703500000| Untracked 
|  28|0x0000000703600000, 0x0000000703600000, 0x0000000703700000|  0%| F|  |TAMS 0x0000000703600000, 0x0000000703600000| Untracked 
|  29|0x0000000703700000, 0x0000000703700000, 0x0000000703800000|  0%| F|  |TAMS 0x0000000703700000, 0x0000000703700000| Untracked 
|  30|0x0000000703800000, 0x0000000703800000, 0x0000000703900000|  0%| F|  |TAMS 0x0000000703800000, 0x0000000703800000| Untracked 
|  31|0x0000000703900000, 0x0000000703900000, 0x0000000703a00000|  0%| F|  |TAMS 0x0000000703900000, 0x0000000703900000| Untracked 
|  32|0x0000000703a00000, 0x0000000703a00000, 0x0000000703b00000|  0%| F|  |TAMS 0x0000000703a00000, 0x0000000703a00000| Untracked 
|  33|0x0000000703b00000, 0x0000000703b00000, 0x0000000703c00000|  0%| F|  |TAMS 0x0000000703b00000, 0x0000000703b00000| Untracked 
|  34|0x0000000703c00000, 0x0000000703c00000, 0x0000000703d00000|  0%| F|  |TAMS 0x0000000703c00000, 0x0000000703c00000| Untracked 
|  35|0x0000000703d00000, 0x0000000703d00000, 0x0000000703e00000|  0%| F|  |TAMS 0x0000000703d00000, 0x0000000703d00000| Untracked 
|  36|0x0000000703e00000, 0x0000000703e00000, 0x0000000703f00000|  0%| F|  |TAMS 0x0000000703e00000, 0x0000000703e00000| Untracked 
|  37|0x0000000703f00000, 0x0000000703f00000, 0x0000000704000000|  0%| F|  |TAMS 0x0000000703f00000, 0x0000000703f00000| Untracked 
|  38|0x0000000704000000, 0x0000000704000000, 0x0000000704100000|  0%| F|  |TAMS 0x0000000704000000, 0x0000000704000000| Untracked 
|  39|0x0000000704100000, 0x0000000704100000, 0x0000000704200000|  0%| F|  |TAMS 0x0000000704100000, 0x0000000704100000| Untracked 
|  40|0x0000000704200000, 0x0000000704200000, 0x0000000704300000|  0%| F|  |TAMS 0x0000000704200000, 0x0000000704200000| Untracked 
|  41|0x0000000704300000, 0x0000000704300000, 0x0000000704400000|  0%| F|  |TAMS 0x0000000704300000, 0x0000000704300000| Untracked 
|  42|0x0000000704400000, 0x0000000704400000, 0x0000000704500000|  0%| F|  |TAMS 0x0000000704400000, 0x0000000704400000| Untracked 
|  43|0x0000000704500000, 0x0000000704500000, 0x0000000704600000|  0%| F|  |TAMS 0x0000000704500000, 0x0000000704500000| Untracked 
|  44|0x0000000704600000, 0x0000000704600000, 0x0000000704700000|  0%| F|  |TAMS 0x0000000704600000, 0x0000000704600000| Untracked 
|  45|0x0000000704700000, 0x0000000704700000, 0x0000000704800000|  0%| F|  |TAMS 0x0000000704700000, 0x0000000704700000| Untracked 
|  46|0x0000000704800000, 0x0000000704800000, 0x0000000704900000|  0%| F|  |TAMS 0x0000000704800000, 0x0000000704800000| Untracked 
|  47|0x0000000704900000, 0x0000000704900000, 0x0000000704a00000|  0%| F|  |TAMS 0x0000000704900000, 0x0000000704900000| Untracked 
|  48|0x0000000704a00000, 0x0000000704a00000, 0x0000000704b00000|  0%| F|  |TAMS 0x0000000704a00000, 0x0000000704a00000| Untracked 
|  49|0x0000000704b00000, 0x0000000704b00000, 0x0000000704c00000|  0%| F|  |TAMS 0x0000000704b00000, 0x0000000704b00000| Untracked 
|  50|0x0000000704c00000, 0x0000000704c00000, 0x0000000704d00000|  0%| F|  |TAMS 0x0000000704c00000, 0x0000000704c00000| Untracked 
|  51|0x0000000704d00000, 0x0000000704d00000, 0x0000000704e00000|  0%| F|  |TAMS 0x0000000704d00000, 0x0000000704d00000| Untracked 
|  52|0x0000000704e00000, 0x0000000704e00000, 0x0000000704f00000|  0%| F|  |TAMS 0x0000000704e00000, 0x0000000704e00000| Untracked 
|  53|0x0000000704f00000, 0x0000000704f00000, 0x0000000705000000|  0%| F|  |TAMS 0x0000000704f00000, 0x0000000704f00000| Untracked 
|  54|0x0000000705000000, 0x0000000705000000, 0x0000000705100000|  0%| F|  |TAMS 0x0000000705000000, 0x0000000705000000| Untracked 
|  55|0x0000000705100000, 0x0000000705100000, 0x0000000705200000|  0%| F|  |TAMS 0x0000000705100000, 0x0000000705100000| Untracked 
|  56|0x0000000705200000, 0x0000000705200000, 0x0000000705300000|  0%| F|  |TAMS 0x0000000705200000, 0x0000000705200000| Untracked 
|  57|0x0000000705300000, 0x0000000705300000, 0x0000000705400000|  0%| F|  |TAMS 0x0000000705300000, 0x0000000705300000| Untracked 
|  58|0x0000000705400000, 0x0000000705400000, 0x0000000705500000|  0%| F|  |TAMS 0x0000000705400000, 0x0000000705400000| Untracked 
|  59|0x0000000705500000, 0x0000000705500000, 0x0000000705600000|  0%| F|  |TAMS 0x0000000705500000, 0x0000000705500000| Untracked 
|  60|0x0000000705600000, 0x0000000705600000, 0x0000000705700000|  0%| F|  |TAMS 0x0000000705600000, 0x0000000705600000| Untracked 
|  61|0x0000000705700000, 0x0000000705700000, 0x0000000705800000|  0%| F|  |TAMS 0x0000000705700000, 0x0000000705700000| Untracked 
|  62|0x0000000705800000, 0x0000000705800000, 0x0000000705900000|  0%| F|  |TAMS 0x0000000705800000, 0x0000000705800000| Untracked 
|  63|0x0000000705900000, 0x0000000705900000, 0x0000000705a00000|  0%| F|  |TAMS 0x0000000705900000, 0x0000000705900000| Untracked 
|  64|0x0000000705a00000, 0x0000000705a00000, 0x0000000705b00000|  0%| F|  |TAMS 0x0000000705a00000, 0x0000000705a00000| Untracked 
|  65|0x0000000705b00000, 0x0000000705b00000, 0x0000000705c00000|  0%| F|  |TAMS 0x0000000705b00000, 0x0000000705b00000| Untracked 
|  66|0x0000000705c00000, 0x0000000705c00000, 0x0000000705d00000|  0%| F|  |TAMS 0x0000000705c00000, 0x0000000705c00000| Untracked 
|  67|0x0000000705d00000, 0x0000000705d00000, 0x0000000705e00000|  0%| F|  |TAMS 0x0000000705d00000, 0x0000000705d00000| Untracked 
|  68|0x0000000705e00000, 0x0000000705e00000, 0x0000000705f00000|  0%| F|  |TAMS 0x0000000705e00000, 0x0000000705e00000| Untracked 
|  69|0x0000000705f00000, 0x0000000705f00000, 0x0000000706000000|  0%| F|  |TAMS 0x0000000705f00000, 0x0000000705f00000| Untracked 
|  70|0x0000000706000000, 0x0000000706000000, 0x0000000706100000|  0%| F|  |TAMS 0x0000000706000000, 0x0000000706000000| Untracked 
|  71|0x0000000706100000, 0x0000000706100000, 0x0000000706200000|  0%| F|  |TAMS 0x0000000706100000, 0x0000000706100000| Untracked 
|  72|0x0000000706200000, 0x0000000706200000, 0x0000000706300000|  0%| F|  |TAMS 0x0000000706200000, 0x0000000706200000| Untracked 
|  73|0x0000000706300000, 0x0000000706300000, 0x0000000706400000|  0%| F|  |TAMS 0x0000000706300000, 0x0000000706300000| Untracked 
|  74|0x0000000706400000, 0x0000000706400000, 0x0000000706500000|  0%| F|  |TAMS 0x0000000706400000, 0x0000000706400000| Untracked 
|  75|0x0000000706500000, 0x0000000706500000, 0x0000000706600000|  0%| F|  |TAMS 0x0000000706500000, 0x0000000706500000| Untracked 
|  76|0x0000000706600000, 0x0000000706600000, 0x0000000706700000|  0%| F|  |TAMS 0x0000000706600000, 0x0000000706600000| Untracked 
|  77|0x0000000706700000, 0x0000000706700000, 0x0000000706800000|  0%| F|  |TAMS 0x0000000706700000, 0x0000000706700000| Untracked 
|  78|0x0000000706800000, 0x0000000706800000, 0x0000000706900000|  0%| F|  |TAMS 0x0000000706800000, 0x0000000706800000| Untracked 
|  79|0x0000000706900000, 0x0000000706900000, 0x0000000706a00000|  0%| F|  |TAMS 0x0000000706900000, 0x0000000706900000| Untracked 
|  80|0x0000000706a00000, 0x0000000706a00000, 0x0000000706b00000|  0%| F|  |TAMS 0x0000000706a00000, 0x0000000706a00000| Untracked 
|  81|0x0000000706b00000, 0x0000000706b00000, 0x0000000706c00000|  0%| F|  |TAMS 0x0000000706b00000, 0x0000000706b00000| Untracked 
|  82|0x0000000706c00000, 0x0000000706c00000, 0x0000000706d00000|  0%| F|  |TAMS 0x0000000706c00000, 0x0000000706c00000| Untracked 
|  83|0x0000000706d00000, 0x0000000706d00000, 0x0000000706e00000|  0%| F|  |TAMS 0x0000000706d00000, 0x0000000706d00000| Untracked 
|  84|0x0000000706e00000, 0x0000000706e00000, 0x0000000706f00000|  0%| F|  |TAMS 0x0000000706e00000, 0x0000000706e00000| Untracked 
|  85|0x0000000706f00000, 0x0000000706f00000, 0x0000000707000000|  0%| F|  |TAMS 0x0000000706f00000, 0x0000000706f00000| Untracked 
|  86|0x0000000707000000, 0x0000000707000000, 0x0000000707100000|  0%| F|  |TAMS 0x0000000707000000, 0x0000000707000000| Untracked 
|  87|0x0000000707100000, 0x0000000707100000, 0x0000000707200000|  0%| F|  |TAMS 0x0000000707100000, 0x0000000707100000| Untracked 
|  88|0x0000000707200000, 0x0000000707200000, 0x0000000707300000|  0%| F|  |TAMS 0x0000000707200000, 0x0000000707200000| Untracked 
|  89|0x0000000707300000, 0x0000000707300000, 0x0000000707400000|  0%| F|  |TAMS 0x0000000707300000, 0x0000000707300000| Untracked 
|  90|0x0000000707400000, 0x0000000707400000, 0x0000000707500000|  0%| F|  |TAMS 0x0000000707400000, 0x0000000707400000| Untracked 
|  91|0x0000000707500000, 0x0000000707500000, 0x0000000707600000|  0%| F|  |TAMS 0x0000000707500000, 0x0000000707500000| Untracked 
|  92|0x0000000707600000, 0x0000000707600000, 0x0000000707700000|  0%| F|  |TAMS 0x0000000707600000, 0x0000000707600000| Untracked 
|  93|0x0000000707700000, 0x0000000707700000, 0x0000000707800000|  0%| F|  |TAMS 0x0000000707700000, 0x0000000707700000| Untracked 
|  94|0x0000000707800000, 0x0000000707800000, 0x0000000707900000|  0%| F|  |TAMS 0x0000000707800000, 0x0000000707800000| Untracked 
|  95|0x0000000707900000, 0x0000000707900000, 0x0000000707a00000|  0%| F|  |TAMS 0x0000000707900000, 0x0000000707900000| Untracked 
|  96|0x0000000707a00000, 0x0000000707a00000, 0x0000000707b00000|  0%| F|  |TAMS 0x0000000707a00000, 0x0000000707a00000| Untracked 
|  97|0x0000000707b00000, 0x0000000707b00000, 0x0000000707c00000|  0%| F|  |TAMS 0x0000000707b00000, 0x0000000707b00000| Untracked 
|  98|0x0000000707c00000, 0x0000000707c00000, 0x0000000707d00000|  0%| F|  |TAMS 0x0000000707c00000, 0x0000000707c00000| Untracked 
|  99|0x0000000707d00000, 0x0000000707d00000, 0x0000000707e00000|  0%| F|  |TAMS 0x0000000707d00000, 0x0000000707d00000| Untracked 
| 100|0x0000000707e00000, 0x0000000707e00000, 0x0000000707f00000|  0%| F|  |TAMS 0x0000000707e00000, 0x0000000707e00000| Untracked 
| 101|0x0000000707f00000, 0x0000000707f00000, 0x0000000708000000|  0%| F|  |TAMS 0x0000000707f00000, 0x0000000707f00000| Untracked 
| 102|0x0000000708000000, 0x0000000708000000, 0x0000000708100000|  0%| F|  |TAMS 0x0000000708000000, 0x0000000708000000| Untracked 
| 103|0x0000000708100000, 0x0000000708100000, 0x0000000708200000|  0%| F|  |TAMS 0x0000000708100000, 0x0000000708100000| Untracked 
| 104|0x0000000708200000, 0x0000000708200000, 0x0000000708300000|  0%| F|  |TAMS 0x0000000708200000, 0x0000000708200000| Untracked 
| 105|0x0000000708300000, 0x0000000708300000, 0x0000000708400000|  0%| F|  |TAMS 0x0000000708300000, 0x0000000708300000| Untracked 
| 106|0x0000000708400000, 0x0000000708400000, 0x0000000708500000|  0%| F|  |TAMS 0x0000000708400000, 0x0000000708400000| Untracked 
| 107|0x0000000708500000, 0x0000000708500000, 0x0000000708600000|  0%| F|  |TAMS 0x0000000708500000, 0x0000000708500000| Untracked 
| 108|0x0000000708600000, 0x0000000708600000, 0x0000000708700000|  0%| F|  |TAMS 0x0000000708600000, 0x0000000708600000| Untracked 
| 109|0x0000000708700000, 0x0000000708700000, 0x0000000708800000|  0%| F|  |TAMS 0x0000000708700000, 0x0000000708700000| Untracked 
| 110|0x0000000708800000, 0x0000000708800000, 0x0000000708900000|  0%| F|  |TAMS 0x0000000708800000, 0x0000000708800000| Untracked 
| 111|0x0000000708900000, 0x0000000708900000, 0x0000000708a00000|  0%| F|  |TAMS 0x0000000708900000, 0x0000000708900000| Untracked 
| 112|0x0000000708a00000, 0x0000000708a00000, 0x0000000708b00000|  0%| F|  |TAMS 0x0000000708a00000, 0x0000000708a00000| Untracked 
| 113|0x0000000708b00000, 0x0000000708b00000, 0x0000000708c00000|  0%| F|  |TAMS 0x0000000708b00000, 0x0000000708b00000| Untracked 
| 114|0x0000000708c00000, 0x0000000708c00000, 0x0000000708d00000|  0%| F|  |TAMS 0x0000000708c00000, 0x0000000708c00000| Untracked 
| 115|0x0000000708d00000, 0x0000000708d00000, 0x0000000708e00000|  0%| F|  |TAMS 0x0000000708d00000, 0x0000000708d00000| Untracked 
| 116|0x0000000708e00000, 0x0000000708e00000, 0x0000000708f00000|  0%| F|  |TAMS 0x0000000708e00000, 0x0000000708e00000| Untracked 
| 117|0x0000000708f00000, 0x0000000708f00000, 0x0000000709000000|  0%| F|  |TAMS 0x0000000708f00000, 0x0000000708f00000| Untracked 
| 118|0x0000000709000000, 0x0000000709000000, 0x0000000709100000|  0%| F|  |TAMS 0x0000000709000000, 0x0000000709000000| Untracked 
| 119|0x0000000709100000, 0x0000000709100000, 0x0000000709200000|  0%| F|  |TAMS 0x0000000709100000, 0x0000000709100000| Untracked 
| 120|0x0000000709200000, 0x0000000709200000, 0x0000000709300000|  0%| F|  |TAMS 0x0000000709200000, 0x0000000709200000| Untracked 
| 121|0x0000000709300000, 0x0000000709300000, 0x0000000709400000|  0%| F|  |TAMS 0x0000000709300000, 0x0000000709300000| Untracked 
| 122|0x0000000709400000, 0x0000000709400000, 0x0000000709500000|  0%| F|  |TAMS 0x0000000709400000, 0x0000000709400000| Untracked 
| 123|0x0000000709500000, 0x0000000709500000, 0x0000000709600000|  0%| F|  |TAMS 0x0000000709500000, 0x0000000709500000| Untracked 
| 124|0x0000000709600000, 0x0000000709600000, 0x0000000709700000|  0%| F|  |TAMS 0x0000000709600000, 0x0000000709600000| Untracked 
| 125|0x0000000709700000, 0x0000000709700000, 0x0000000709800000|  0%| F|  |TAMS 0x0000000709700000, 0x0000000709700000| Untracked 
| 126|0x0000000709800000, 0x0000000709800000, 0x0000000709900000|  0%| F|  |TAMS 0x0000000709800000, 0x0000000709800000| Untracked 
| 127|0x0000000709900000, 0x0000000709900000, 0x0000000709a00000|  0%| F|  |TAMS 0x0000000709900000, 0x0000000709900000| Untracked 
| 128|0x0000000709a00000, 0x0000000709a00000, 0x0000000709b00000|  0%| F|  |TAMS 0x0000000709a00000, 0x0000000709a00000| Untracked 
| 129|0x0000000709b00000, 0x0000000709b00000, 0x0000000709c00000|  0%| F|  |TAMS 0x0000000709b00000, 0x0000000709b00000| Untracked 
| 130|0x0000000709c00000, 0x0000000709c00000, 0x0000000709d00000|  0%| F|  |TAMS 0x0000000709c00000, 0x0000000709c00000| Untracked 
| 131|0x0000000709d00000, 0x0000000709d00000, 0x0000000709e00000|  0%| F|  |TAMS 0x0000000709d00000, 0x0000000709d00000| Untracked 
| 132|0x0000000709e00000, 0x0000000709e00000, 0x0000000709f00000|  0%| F|  |TAMS 0x0000000709e00000, 0x0000000709e00000| Untracked 
| 133|0x0000000709f00000, 0x0000000709f00000, 0x000000070a000000|  0%| F|  |TAMS 0x0000000709f00000, 0x0000000709f00000| Untracked 
| 134|0x000000070a000000, 0x000000070a000000, 0x000000070a100000|  0%| F|  |TAMS 0x000000070a000000, 0x000000070a000000| Untracked 
| 135|0x000000070a100000, 0x000000070a100000, 0x000000070a200000|  0%| F|  |TAMS 0x000000070a100000, 0x000000070a100000| Untracked 
| 136|0x000000070a200000, 0x000000070a200000, 0x000000070a300000|  0%| F|  |TAMS 0x000000070a200000, 0x000000070a200000| Untracked 
| 137|0x000000070a300000, 0x000000070a300000, 0x000000070a400000|  0%| F|  |TAMS 0x000000070a300000, 0x000000070a300000| Untracked 
| 138|0x000000070a400000, 0x000000070a400000, 0x000000070a500000|  0%| F|  |TAMS 0x000000070a400000, 0x000000070a400000| Untracked 
| 139|0x000000070a500000, 0x000000070a500000, 0x000000070a600000|  0%| F|  |TAMS 0x000000070a500000, 0x000000070a500000| Untracked 
| 140|0x000000070a600000, 0x000000070a600000, 0x000000070a700000|  0%| F|  |TAMS 0x000000070a600000, 0x000000070a600000| Untracked 
| 141|0x000000070a700000, 0x000000070a700000, 0x000000070a800000|  0%| F|  |TAMS 0x000000070a700000, 0x000000070a700000| Untracked 
| 142|0x000000070a800000, 0x000000070a800000, 0x000000070a900000|  0%| F|  |TAMS 0x000000070a800000, 0x000000070a800000| Untracked 
| 143|0x000000070a900000, 0x000000070a900000, 0x000000070aa00000|  0%| F|  |TAMS 0x000000070a900000, 0x000000070a900000| Untracked 
| 144|0x000000070aa00000, 0x000000070aa00000, 0x000000070ab00000|  0%| F|  |TAMS 0x000000070aa00000, 0x000000070aa00000| Untracked 
| 145|0x000000070ab00000, 0x000000070ab00000, 0x000000070ac00000|  0%| F|  |TAMS 0x000000070ab00000, 0x000000070ab00000| Untracked 
| 146|0x000000070ac00000, 0x000000070ac00000, 0x000000070ad00000|  0%| F|  |TAMS 0x000000070ac00000, 0x000000070ac00000| Untracked 
| 147|0x000000070ad00000, 0x000000070ad00000, 0x000000070ae00000|  0%| F|  |TAMS 0x000000070ad00000, 0x000000070ad00000| Untracked 
| 148|0x000000070ae00000, 0x000000070ae00000, 0x000000070af00000|  0%| F|  |TAMS 0x000000070ae00000, 0x000000070ae00000| Untracked 
| 149|0x000000070af00000, 0x000000070af00000, 0x000000070b000000|  0%| F|  |TAMS 0x000000070af00000, 0x000000070af00000| Untracked 
| 150|0x000000070b000000, 0x000000070b000000, 0x000000070b100000|  0%| F|  |TAMS 0x000000070b000000, 0x000000070b000000| Untracked 
| 151|0x000000070b100000, 0x000000070b100000, 0x000000070b200000|  0%| F|  |TAMS 0x000000070b100000, 0x000000070b100000| Untracked 
| 152|0x000000070b200000, 0x000000070b200000, 0x000000070b300000|  0%| F|  |TAMS 0x000000070b200000, 0x000000070b200000| Untracked 
| 153|0x000000070b300000, 0x000000070b300000, 0x000000070b400000|  0%| F|  |TAMS 0x000000070b300000, 0x000000070b300000| Untracked 
| 154|0x000000070b400000, 0x000000070b400000, 0x000000070b500000|  0%| F|  |TAMS 0x000000070b400000, 0x000000070b400000| Untracked 
| 155|0x000000070b500000, 0x000000070b500000, 0x000000070b600000|  0%| F|  |TAMS 0x000000070b500000, 0x000000070b500000| Untracked 
| 156|0x000000070b600000, 0x000000070b600000, 0x000000070b700000|  0%| F|  |TAMS 0x000000070b600000, 0x000000070b600000| Untracked 
| 157|0x000000070b700000, 0x000000070b700000, 0x000000070b800000|  0%| F|  |TAMS 0x000000070b700000, 0x000000070b700000| Untracked 
| 158|0x000000070b800000, 0x000000070b800000, 0x000000070b900000|  0%| F|  |TAMS 0x000000070b800000, 0x000000070b800000| Untracked 
| 159|0x000000070b900000, 0x000000070b900000, 0x000000070ba00000|  0%| F|  |TAMS 0x000000070b900000, 0x000000070b900000| Untracked 
| 160|0x000000070ba00000, 0x000000070ba00000, 0x000000070bb00000|  0%| F|  |TAMS 0x000000070ba00000, 0x000000070ba00000| Untracked 
| 161|0x000000070bb00000, 0x000000070bb00000, 0x000000070bc00000|  0%| F|  |TAMS 0x000000070bb00000, 0x000000070bb00000| Untracked 
| 162|0x000000070bc00000, 0x000000070bc00000, 0x000000070bd00000|  0%| F|  |TAMS 0x000000070bc00000, 0x000000070bc00000| Untracked 
| 163|0x000000070bd00000, 0x000000070bd00000, 0x000000070be00000|  0%| F|  |TAMS 0x000000070bd00000, 0x000000070bd00000| Untracked 
| 164|0x000000070be00000, 0x000000070be00000, 0x000000070bf00000|  0%| F|  |TAMS 0x000000070be00000, 0x000000070be00000| Untracked 
| 165|0x000000070bf00000, 0x000000070bf00000, 0x000000070c000000|  0%| F|  |TAMS 0x000000070bf00000, 0x000000070bf00000| Untracked 
| 166|0x000000070c000000, 0x000000070c000000, 0x000000070c100000|  0%| F|  |TAMS 0x000000070c000000, 0x000000070c000000| Untracked 
| 167|0x000000070c100000, 0x000000070c100000, 0x000000070c200000|  0%| F|  |TAMS 0x000000070c100000, 0x000000070c100000| Untracked 
| 168|0x000000070c200000, 0x000000070c200000, 0x000000070c300000|  0%| F|  |TAMS 0x000000070c200000, 0x000000070c200000| Untracked 
| 169|0x000000070c300000, 0x000000070c300000, 0x000000070c400000|  0%| F|  |TAMS 0x000000070c300000, 0x000000070c300000| Untracked 
| 170|0x000000070c400000, 0x000000070c400000, 0x000000070c500000|  0%| F|  |TAMS 0x000000070c400000, 0x000000070c400000| Untracked 
| 171|0x000000070c500000, 0x000000070c500000, 0x000000070c600000|  0%| F|  |TAMS 0x000000070c500000, 0x000000070c500000| Untracked 
| 172|0x000000070c600000, 0x000000070c600000, 0x000000070c700000|  0%| F|  |TAMS 0x000000070c600000, 0x000000070c600000| Untracked 
| 173|0x000000070c700000, 0x000000070c700000, 0x000000070c800000|  0%| F|  |TAMS 0x000000070c700000, 0x000000070c700000| Untracked 
| 174|0x000000070c800000, 0x000000070c800000, 0x000000070c900000|  0%| F|  |TAMS 0x000000070c800000, 0x000000070c800000| Untracked 
| 175|0x000000070c900000, 0x000000070c900000, 0x000000070ca00000|  0%| F|  |TAMS 0x000000070c900000, 0x000000070c900000| Untracked 
| 176|0x000000070ca00000, 0x000000070ca00000, 0x000000070cb00000|  0%| F|  |TAMS 0x000000070ca00000, 0x000000070ca00000| Untracked 
| 177|0x000000070cb00000, 0x000000070cb00000, 0x000000070cc00000|  0%| F|  |TAMS 0x000000070cb00000, 0x000000070cb00000| Untracked 
| 178|0x000000070cc00000, 0x000000070cc00000, 0x000000070cd00000|  0%| F|  |TAMS 0x000000070cc00000, 0x000000070cc00000| Untracked 
| 179|0x000000070cd00000, 0x000000070cd00000, 0x000000070ce00000|  0%| F|  |TAMS 0x000000070cd00000, 0x000000070cd00000| Untracked 
| 180|0x000000070ce00000, 0x000000070ce00000, 0x000000070cf00000|  0%| F|  |TAMS 0x000000070ce00000, 0x000000070ce00000| Untracked 
| 181|0x000000070cf00000, 0x000000070cf00000, 0x000000070d000000|  0%| F|  |TAMS 0x000000070cf00000, 0x000000070cf00000| Untracked 
| 182|0x000000070d000000, 0x000000070d000000, 0x000000070d100000|  0%| F|  |TAMS 0x000000070d000000, 0x000000070d000000| Untracked 
| 183|0x000000070d100000, 0x000000070d100000, 0x000000070d200000|  0%| F|  |TAMS 0x000000070d100000, 0x000000070d100000| Untracked 
| 184|0x000000070d200000, 0x000000070d200000, 0x000000070d300000|  0%| F|  |TAMS 0x000000070d200000, 0x000000070d200000| Untracked 
| 185|0x000000070d300000, 0x000000070d300000, 0x000000070d400000|  0%| F|  |TAMS 0x000000070d300000, 0x000000070d300000| Untracked 
| 186|0x000000070d400000, 0x000000070d400000, 0x000000070d500000|  0%| F|  |TAMS 0x000000070d400000, 0x000000070d400000| Untracked 
| 187|0x000000070d500000, 0x000000070d500000, 0x000000070d600000|  0%| F|  |TAMS 0x000000070d500000, 0x000000070d500000| Untracked 
| 188|0x000000070d600000, 0x000000070d600000, 0x000000070d700000|  0%| F|  |TAMS 0x000000070d600000, 0x000000070d600000| Untracked 
| 189|0x000000070d700000, 0x000000070d700000, 0x000000070d800000|  0%| F|  |TAMS 0x000000070d700000, 0x000000070d700000| Untracked 
| 190|0x000000070d800000, 0x000000070d800000, 0x000000070d900000|  0%| F|  |TAMS 0x000000070d800000, 0x000000070d800000| Untracked 
| 191|0x000000070d900000, 0x000000070d900000, 0x000000070da00000|  0%| F|  |TAMS 0x000000070d900000, 0x000000070d900000| Untracked 
| 192|0x000000070da00000, 0x000000070da00000, 0x000000070db00000|  0%| F|  |TAMS 0x000000070da00000, 0x000000070da00000| Untracked 
| 193|0x000000070db00000, 0x000000070db00000, 0x000000070dc00000|  0%| F|  |TAMS 0x000000070db00000, 0x000000070db00000| Untracked 
| 194|0x000000070dc00000, 0x000000070dc00000, 0x000000070dd00000|  0%| F|  |TAMS 0x000000070dc00000, 0x000000070dc00000| Untracked 
| 195|0x000000070dd00000, 0x000000070dd00000, 0x000000070de00000|  0%| F|  |TAMS 0x000000070dd00000, 0x000000070dd00000| Untracked 
| 196|0x000000070de00000, 0x000000070de00000, 0x000000070df00000|  0%| F|  |TAMS 0x000000070de00000, 0x000000070de00000| Untracked 
| 197|0x000000070df00000, 0x000000070df00000, 0x000000070e000000|  0%| F|  |TAMS 0x000000070df00000, 0x000000070df00000| Untracked 
| 198|0x000000070e000000, 0x000000070e000000, 0x000000070e100000|  0%| F|  |TAMS 0x000000070e000000, 0x000000070e000000| Untracked 
| 199|0x000000070e100000, 0x000000070e100000, 0x000000070e200000|  0%| F|  |TAMS 0x000000070e100000, 0x000000070e100000| Untracked 
| 200|0x000000070e200000, 0x000000070e200000, 0x000000070e300000|  0%| F|  |TAMS 0x000000070e200000, 0x000000070e200000| Untracked 
| 201|0x000000070e300000, 0x000000070e300000, 0x000000070e400000|  0%| F|  |TAMS 0x000000070e300000, 0x000000070e300000| Untracked 
| 202|0x000000070e400000, 0x000000070e400000, 0x000000070e500000|  0%| F|  |TAMS 0x000000070e400000, 0x000000070e400000| Untracked 
| 203|0x000000070e500000, 0x000000070e500000, 0x000000070e600000|  0%| F|  |TAMS 0x000000070e500000, 0x000000070e500000| Untracked 
| 204|0x000000070e600000, 0x000000070e600000, 0x000000070e700000|  0%| F|  |TAMS 0x000000070e600000, 0x000000070e600000| Untracked 
| 205|0x000000070e700000, 0x000000070e700000, 0x000000070e800000|  0%| F|  |TAMS 0x000000070e700000, 0x000000070e700000| Untracked 
| 206|0x000000070e800000, 0x000000070e800000, 0x000000070e900000|  0%| F|  |TAMS 0x000000070e800000, 0x000000070e800000| Untracked 
| 207|0x000000070e900000, 0x000000070e900000, 0x000000070ea00000|  0%| F|  |TAMS 0x000000070e900000, 0x000000070e900000| Untracked 
| 208|0x000000070ea00000, 0x000000070ea00000, 0x000000070eb00000|  0%| F|  |TAMS 0x000000070ea00000, 0x000000070ea00000| Untracked 
| 209|0x000000070eb00000, 0x000000070eb00000, 0x000000070ec00000|  0%| F|  |TAMS 0x000000070eb00000, 0x000000070eb00000| Untracked 
| 210|0x000000070ec00000, 0x000000070ec00000, 0x000000070ed00000|  0%| F|  |TAMS 0x000000070ec00000, 0x000000070ec00000| Untracked 
| 211|0x000000070ed00000, 0x000000070ed00000, 0x000000070ee00000|  0%| F|  |TAMS 0x000000070ed00000, 0x000000070ed00000| Untracked 
| 212|0x000000070ee00000, 0x000000070ee00000, 0x000000070ef00000|  0%| F|  |TAMS 0x000000070ee00000, 0x000000070ee00000| Untracked 
| 213|0x000000070ef00000, 0x000000070ef00000, 0x000000070f000000|  0%| F|  |TAMS 0x000000070ef00000, 0x000000070ef00000| Untracked 
| 214|0x000000070f000000, 0x000000070f000000, 0x000000070f100000|  0%| F|  |TAMS 0x000000070f000000, 0x000000070f000000| Untracked 
| 215|0x000000070f100000, 0x000000070f100000, 0x000000070f200000|  0%| F|  |TAMS 0x000000070f100000, 0x000000070f100000| Untracked 
| 216|0x000000070f200000, 0x000000070f200000, 0x000000070f300000|  0%| F|  |TAMS 0x000000070f200000, 0x000000070f200000| Untracked 
| 217|0x000000070f300000, 0x000000070f300000, 0x000000070f400000|  0%| F|  |TAMS 0x000000070f300000, 0x000000070f300000| Untracked 
| 218|0x000000070f400000, 0x000000070f400000, 0x000000070f500000|  0%| F|  |TAMS 0x000000070f400000, 0x000000070f400000| Untracked 
| 219|0x000000070f500000, 0x000000070f500000, 0x000000070f600000|  0%| F|  |TAMS 0x000000070f500000, 0x000000070f500000| Untracked 
| 220|0x000000070f600000, 0x000000070f600000, 0x000000070f700000|  0%| F|  |TAMS 0x000000070f600000, 0x000000070f600000| Untracked 
| 221|0x000000070f700000, 0x000000070f700000, 0x000000070f800000|  0%| F|  |TAMS 0x000000070f700000, 0x000000070f700000| Untracked 
| 222|0x000000070f800000, 0x000000070f800000, 0x000000070f900000|  0%| F|  |TAMS 0x000000070f800000, 0x000000070f800000| Untracked 
| 223|0x000000070f900000, 0x000000070f900000, 0x000000070fa00000|  0%| F|  |TAMS 0x000000070f900000, 0x000000070f900000| Untracked 
| 224|0x000000070fa00000, 0x000000070fa00000, 0x000000070fb00000|  0%| F|  |TAMS 0x000000070fa00000, 0x000000070fa00000| Untracked 
| 225|0x000000070fb00000, 0x000000070fb00000, 0x000000070fc00000|  0%| F|  |TAMS 0x000000070fb00000, 0x000000070fb00000| Untracked 
| 226|0x000000070fc00000, 0x000000070fc00000, 0x000000070fd00000|  0%| F|  |TAMS 0x000000070fc00000, 0x000000070fc00000| Untracked 
| 227|0x000000070fd00000, 0x000000070fd00000, 0x000000070fe00000|  0%| F|  |TAMS 0x000000070fd00000, 0x000000070fd00000| Untracked 
| 228|0x000000070fe00000, 0x000000070fe00000, 0x000000070ff00000|  0%| F|  |TAMS 0x000000070fe00000, 0x000000070fe00000| Untracked 
| 229|0x000000070ff00000, 0x000000070ff00000, 0x0000000710000000|  0%| F|  |TAMS 0x000000070ff00000, 0x000000070ff00000| Untracked 
| 230|0x0000000710000000, 0x0000000710000000, 0x0000000710100000|  0%| F|  |TAMS 0x0000000710000000, 0x0000000710000000| Untracked 
| 231|0x0000000710100000, 0x0000000710100000, 0x0000000710200000|  0%| F|  |TAMS 0x0000000710100000, 0x0000000710100000| Untracked 
| 232|0x0000000710200000, 0x0000000710200000, 0x0000000710300000|  0%| F|  |TAMS 0x0000000710200000, 0x0000000710200000| Untracked 
| 233|0x0000000710300000, 0x0000000710300000, 0x0000000710400000|  0%| F|  |TAMS 0x0000000710300000, 0x0000000710300000| Untracked 
| 234|0x0000000710400000, 0x0000000710400000, 0x0000000710500000|  0%| F|  |TAMS 0x0000000710400000, 0x0000000710400000| Untracked 
| 235|0x0000000710500000, 0x0000000710500000, 0x0000000710600000|  0%| F|  |TAMS 0x0000000710500000, 0x0000000710500000| Untracked 
| 236|0x0000000710600000, 0x0000000710600000, 0x0000000710700000|  0%| F|  |TAMS 0x0000000710600000, 0x0000000710600000| Untracked 
| 237|0x0000000710700000, 0x0000000710700000, 0x0000000710800000|  0%| F|  |TAMS 0x0000000710700000, 0x0000000710700000| Untracked 
| 238|0x0000000710800000, 0x0000000710800000, 0x0000000710900000|  0%| F|  |TAMS 0x0000000710800000, 0x0000000710800000| Untracked 
| 239|0x0000000710900000, 0x0000000710900000, 0x0000000710a00000|  0%| F|  |TAMS 0x0000000710900000, 0x0000000710900000| Untracked 
| 240|0x0000000710a00000, 0x0000000710a00000, 0x0000000710b00000|  0%| F|  |TAMS 0x0000000710a00000, 0x0000000710a00000| Untracked 
| 241|0x0000000710b00000, 0x0000000710b00000, 0x0000000710c00000|  0%| F|  |TAMS 0x0000000710b00000, 0x0000000710b00000| Untracked 
| 242|0x0000000710c00000, 0x0000000710c00000, 0x0000000710d00000|  0%| F|  |TAMS 0x0000000710c00000, 0x0000000710c00000| Untracked 
| 243|0x0000000710d00000, 0x0000000710d00000, 0x0000000710e00000|  0%| F|  |TAMS 0x0000000710d00000, 0x0000000710d00000| Untracked 
| 244|0x0000000710e00000, 0x0000000710f00000, 0x0000000710f00000|100%| S|CS|TAMS 0x0000000710e00000, 0x0000000710e00000| Complete 
| 245|0x0000000710f00000, 0x0000000711000000, 0x0000000711000000|100%| S|CS|TAMS 0x0000000710f00000, 0x0000000710f00000| Complete 
| 246|0x0000000711000000, 0x0000000711000000, 0x0000000711100000|  0%| F|  |TAMS 0x0000000711000000, 0x0000000711000000| Untracked 
| 247|0x0000000711100000, 0x0000000711100000, 0x0000000711200000|  0%| F|  |TAMS 0x0000000711100000, 0x0000000711100000| Untracked 
| 248|0x0000000711200000, 0x0000000711200000, 0x0000000711300000|  0%| F|  |TAMS 0x0000000711200000, 0x0000000711200000| Untracked 
| 249|0x0000000711300000, 0x00000007113feb38, 0x0000000711400000| 99%| E|  |TAMS 0x0000000711300000, 0x0000000711300000| Complete 
| 250|0x0000000711400000, 0x0000000711500000, 0x0000000711500000|100%| E|CS|TAMS 0x0000000711400000, 0x0000000711400000| Complete 
| 251|0x0000000711500000, 0x0000000711600000, 0x0000000711600000|100%| E|CS|TAMS 0x0000000711500000, 0x0000000711500000| Complete 
| 252|0x0000000711600000, 0x0000000711700000, 0x0000000711700000|100%| E|CS|TAMS 0x0000000711600000, 0x0000000711600000| Complete 
| 253|0x0000000711700000, 0x0000000711800000, 0x0000000711800000|100%| E|CS|TAMS 0x0000000711700000, 0x0000000711700000| Complete 
| 254|0x0000000711800000, 0x0000000711900000, 0x0000000711900000|100%| E|CS|TAMS 0x0000000711800000, 0x0000000711800000| Complete 
| 255|0x0000000711900000, 0x0000000711a00000, 0x0000000711a00000|100%| E|CS|TAMS 0x0000000711900000, 0x0000000711900000| Complete 

Card table byte_map: [0x00000288f06a0000,0x00000288f0ea0000] _byte_map_base: 0x00000288ece93000

Marking Bits (Prev, Next): (CMBitMap*) 0x00000288d6cd3d78, (CMBitMap*) 0x00000288d6cd3db0
 Prev Bits: [0x00000288f16a0000, 0x00000288f5638000)
 Next Bits: [0x00000288f5640000, 0x00000288f95d8000)

Polling page: 0x00000288d6ad0000

Metaspace:

Usage:
  Non-class:     12.09 MB capacity,    11.85 MB ( 98%) used,   214.74 KB (  2%) free+waste,    31.44 KB ( <1%) overhead. 
      Class:      1.53 MB capacity,     1.39 MB ( 90%) used,   134.80 KB (  9%) free+waste,    15.44 KB ( <1%) overhead. 
       Both:     13.62 MB capacity,    13.23 MB ( 97%) used,   349.55 KB (  3%) free+waste,    46.88 KB ( <1%) overhead. 

Virtual space:
  Non-class space:       14.00 MB reserved,      12.25 MB ( 88%) committed 
      Class space:        1.00 GB reserved,       1.63 MB ( <1%) committed 
             Both:        1.01 GB reserved,      13.88 MB (  1%) committed 

Chunk freelists:
   Non-Class:  4.88 KB
       Class:  3.88 KB
        Both:  8.75 KB

CodeHeap 'non-profiled nmethods': size=238912Kb used=1818Kb max_used=1818Kb free=237093Kb
 bounds [0x00000288e0f30000, 0x00000288e11a0000, 0x00000288ef880000]
CodeHeap 'non-nmethods': size=6848Kb used=1110Kb max_used=1110Kb free=5737Kb
 bounds [0x00000288e0880000, 0x00000288e0af0000, 0x00000288e0f30000]
 total_blobs=1671 nmethods=1243 adapters=339
 compilation: enabled
              stopped_count=0, restarted_count=0
 full_count=0

Compilation events (10 events):
Event: 3.182 Thread 0x00000288fc5a9000 1091       1       java.lang.String::copyValueOf (11 bytes)
Event: 3.182 Thread 0x00000288fc5a9000 nmethod 1091 0x00000288e10ac410 code [0x00000288e10ac5c0, 0x00000288e10ac7c0]
Event: 3.182 Thread 0x00000288fc5a9000 1093       1       java.lang.String::indexOf (65 bytes)
Event: 3.183 Thread 0x00000288fc5a9000 nmethod 1093 0x00000288e10ac910 code [0x00000288e10acae0, 0x00000288e10acdd0]
Event: 3.183 Thread 0x00000288fc5a9000 1096       1       java.net.URI::match (56 bytes)
Event: 3.183 Thread 0x00000288fc5a9000 nmethod 1096 0x00000288e10acf90 code [0x00000288e10ad120, 0x00000288e10ad2f8]
Event: 3.183 Thread 0x00000288fc5a9000 1094       1       java.lang.StringLatin1::indexOf (25 bytes)
Event: 3.183 Thread 0x00000288fc5a9000 nmethod 1094 0x00000288e10ad390 code [0x00000288e10ad540, 0x00000288e10ad6b0]
Event: 3.183 Thread 0x00000288fc5a9000 1092       1       java.util.Collections$UnmodifiableCollection::<init> (22 bytes)
Event: 3.183 Thread 0x00000288fc5a9000 nmethod 1092 0x00000288e10ad790 code [0x00000288e10ad940, 0x00000288e10adb70]

GC Heap History (4 events):
Event: 1.657 GC heap before
{Heap before GC invocations=0 (full 0):
 garbage-first heap   total 262144K, used 14336K [0x0000000701a00000, 0x0000000800000000)
  region size 1024K, 14 young (14336K), 0 survivors (0K)
 Metaspace       used 6132K, capacity 6170K, committed 6272K, reserved 1056768K
  class space    used 544K, capacity 567K, committed 640K, reserved 1048576K
}
Event: 1.666 GC heap after
{Heap after GC invocations=1 (full 0):
 garbage-first heap   total 262144K, used 12203K [0x0000000701a00000, 0x0000000800000000)
  region size 1024K, 2 young (2048K), 2 survivors (2048K)
 Metaspace       used 6132K, capacity 6170K, committed 6272K, reserved 1056768K
  class space    used 544K, capacity 567K, committed 640K, reserved 1048576K
}
Event: 3.056 GC heap before
{Heap before GC invocations=1 (full 0):
 garbage-first heap   total 262144K, used 22443K [0x0000000701a00000, 0x0000000800000000)
  region size 1024K, 12 young (12288K), 2 survivors (2048K)
 Metaspace       used 10799K, capacity 11065K, committed 11264K, reserved 1058816K
  class space    used 1128K, capacity 1226K, committed 1280K, reserved 1048576K
}
Event: 3.063 GC heap after
{Heap after GC invocations=2 (full 0):
 garbage-first heap   total 262144K, used 18424K [0x0000000701a00000, 0x0000000800000000)
  region size 1024K, 2 young (2048K), 2 survivors (2048K)
 Metaspace       used 10799K, capacity 11065K, committed 11264K, reserved 1058816K
  class space    used 1128K, capacity 1226K, committed 1280K, reserved 1048576K
}

Deoptimization events (0 events):
No events

Classes redefined (0 events):
No events

Internal exceptions (10 events):
Event: 2.164 Thread 0x00000288d6c6e000 Exception <a 'java/lang/NoSuchMethodError'{0x0000000711082468}: java.lang.invoke.DirectMethodHandle$Holder.invokeStaticInit(Ljava/lang/Object;IIII)Ljava/lang/Object;> (0x0000000711082468) thrown at [./open/src/hotspot/share/interpreter/linkResolver.cpp, l
Event: 3.025 Thread 0x00000288d6c6e000 Exception <a 'java/lang/NoSuchMethodError'{0x00000007110b46f8}: java.lang.invoke.DirectMethodHandle$Holder.invokeStatic(Ljava/lang/Object;Ljava/lang/Object;IIII)Ljava/lang/Object;> (0x00000007110b46f8) thrown at [./open/src/hotspot/share/interpreter/linkR
Event: 3.025 Thread 0x00000288d6c6e000 Exception <a 'java/lang/NoSuchMethodError'{0x00000007110b7a40}: java.lang.invoke.DirectMethodHandle$Holder.invokeStaticInit(Ljava/lang/Object;Ljava/lang/Object;IIII)Ljava/lang/Object;> (0x00000007110b7a40) thrown at [./open/src/hotspot/share/interpreter/l
Event: 3.041 Thread 0x00000288d6c6e000 Exception <a 'java/lang/ClassNotFoundException'{0x00000007110d5418}: javax/management/remote/rmi/RMIServerImpl_Skel> (0x00000007110d5418) thrown at [./open/src/hotspot/share/classfile/systemDictionary.cpp, line 228]
Event: 3.109 Thread 0x00000288d6c6e000 Exception <a 'java/lang/ClassNotFoundException'{0x00000007119b4bf8}: jdk/internal/agent/resources/spi/agentProvider> (0x00000007119b4bf8) thrown at [./open/src/hotspot/share/classfile/systemDictionary.cpp, line 228]
Event: 3.120 Thread 0x00000288d6c6e000 Exception <a 'java/lang/NoSuchMethodError'{0x000000071180ad70}: java.lang.invoke.DirectMethodHandle$Holder.invokeStatic(Ljava/lang/Object;Ljava/lang/Object;Ljava/lang/Object;Ljava/lang/Object;Ljava/lang/Object;Ljava/lang/Object;Ljava/lang/Object;Ljava/lan
Event: 3.122 Thread 0x00000288d6c6e000 Exception <a 'java/lang/NoSuchMethodError'{0x0000000711817730}: java.lang.invoke.DirectMethodHandle$Holder.invokeStatic(Ljava/lang/Object;Ljava/lang/Object;Ljava/lang/Object;Ljava/lang/Object;Ljava/lang/Object;Ljava/lang/Object;Ljava/lang/Object;Ljava/lan
Event: 3.125 Thread 0x00000288d6c6e000 Exception <a 'java/lang/NoSuchMethodError'{0x00000007118313b8}: java.lang.invoke.DelegatingMethodHandle$Holder.reinvoke_L(Ljava/lang/Object;ILjava/lang/Object;)Ljava/lang/Object;> (0x00000007118313b8) thrown at [./open/src/hotspot/share/interpreter/linkRe
Event: 3.179 Thread 0x00000288d6c6e000 Exception <a 'java/lang/ClassNotFoundException'{0x000000071160f5a8}: javax/smartcardio/CardPermission> (0x000000071160f5a8) thrown at [./open/src/hotspot/share/classfile/systemDictionary.cpp, line 228]
Event: 3.182 Thread 0x00000288d6c6e000 Exception <a 'java/io/FileNotFoundException'{0x000000071161d8c8}> (0x000000071161d8c8) thrown at [./open/src/hotspot/share/prims/jni.cpp, line 611]

Events (10 events):
Event: 3.179 loading class javax/smartcardio/CardPermission
Event: 3.179 loading class javax/smartcardio/CardPermission done
Event: 3.180 loading class sun/security/provider/PolicyFile$5
Event: 3.180 loading class sun/security/provider/PolicyFile$5 done
Event: 3.182 loading class sun/security/provider/PolicyParser$ParsingException
Event: 3.182 loading class java/security/GeneralSecurityException
Event: 3.183 loading class java/security/GeneralSecurityException done
Event: 3.183 loading class sun/security/provider/PolicyParser$ParsingException done
Event: 3.183 loading class sun/security/provider/PolicyFile$7
Event: 3.183 loading class sun/security/provider/PolicyFile$7 done


Dynamic libraries:
0x00007ff799140000 - 0x00007ff799187000 	C:\Program Files\Java\jdk-11.0.7\bin\javaw.exe
0x00007ff8bcaa0000 - 0x00007ff8bcc90000 	C:\Windows\SYSTEM32\ntdll.dll
0x00007ff8bbb90000 - 0x00007ff8bbc42000 	C:\Windows\System32\KERNEL32.DLL
0x00007ff8b9d50000 - 0x00007ff8b9ff4000 	C:\Windows\System32\KERNELBASE.dll
0x00007ff8bbc50000 - 0x00007ff8bbcf3000 	C:\Windows\System32\ADVAPI32.dll
0x00007ff8bae90000 - 0x00007ff8baf2e000 	C:\Windows\System32\msvcrt.dll
0x00007ff8bacc0000 - 0x00007ff8bad57000 	C:\Windows\System32\sechost.dll
0x00007ff8bad60000 - 0x00007ff8bae80000 	C:\Windows\System32\RPCRT4.dll
0x00007ff8bb9c0000 - 0x00007ff8bbb54000 	C:\Windows\System32\USER32.dll
0x00007ff8b9a60000 - 0x00007ff8b9a81000 	C:\Windows\System32\win32u.dll
0x00007ff8bbb60000 - 0x00007ff8bbb86000 	C:\Windows\System32\GDI32.dll
0x00007ff8b9b00000 - 0x00007ff8b9c94000 	C:\Windows\System32\gdi32full.dll
0x00007ff8baab0000 - 0x00007ff8bab4e000 	C:\Windows\System32\msvcp_win.dll
0x00007ff8ba000000 - 0x00007ff8ba0fa000 	C:\Windows\System32\ucrtbase.dll
0x00007ff8aba50000 - 0x00007ff8abcd4000 	C:\Windows\WinSxS\amd64_microsoft.windows.common-controls_6595b64144ccf1df_6.0.18362.836_none_e6c4b943130f18ed\COMCTL32.dll
0x00007ff8bb080000 - 0x00007ff8bb3b6000 	C:\Windows\System32\combase.dll
0x00007ff8baa30000 - 0x00007ff8baab0000 	C:\Windows\System32\bcryptPrimitives.dll
0x00007ff8ab8f0000 - 0x00007ff8ab8fa000 	C:\Windows\SYSTEM32\VERSION.dll
0x00007ff8bac80000 - 0x00007ff8bacae000 	C:\Windows\System32\IMM32.DLL
0x00007ff89dca0000 - 0x00007ff89dcb6000 	C:\Program Files\Java\jdk-11.0.7\bin\vcruntime140.dll
0x00007ff899820000 - 0x00007ff8998ca000 	C:\Program Files\Java\jdk-11.0.7\bin\msvcp140.dll
0x00007ff87d4a0000 - 0x00007ff87e001000 	C:\Program Files\Java\jdk-11.0.7\bin\server\jvm.dll
0x00007ff8bc650000 - 0x00007ff8bc658000 	C:\Windows\System32\PSAPI.DLL
0x00007ff8b79c0000 - 0x00007ff8b79c9000 	C:\Windows\SYSTEM32\WSOCK32.dll
0x00007ff8bbef0000 - 0x00007ff8bbf5f000 	C:\Windows\System32\WS2_32.dll
0x00007ff8b7470000 - 0x00007ff8b7494000 	C:\Windows\SYSTEM32\WINMM.dll
0x00007ff8b7440000 - 0x00007ff8b746d000 	C:\Windows\SYSTEM32\WINMMBASE.dll
0x00007ff8b9ab0000 - 0x00007ff8b9afa000 	C:\Windows\System32\cfgmgr32.dll
0x00007ff8b9a10000 - 0x00007ff8b9a21000 	C:\Windows\System32\kernel.appcore.dll
0x00007ff8af950000 - 0x00007ff8af961000 	C:\Program Files\Java\jdk-11.0.7\bin\verify.dll
0x00007ff89fb90000 - 0x00007ff89fd84000 	C:\Windows\SYSTEM32\DBGHELP.DLL
0x00007ff89fb60000 - 0x00007ff89fb8a000 	C:\Windows\SYSTEM32\dbgcore.DLL
0x00007ff8accb0000 - 0x00007ff8accd9000 	C:\Program Files\Java\jdk-11.0.7\bin\java.dll
0x00007ff8b7a00000 - 0x00007ff8b7a0a000 	C:\Program Files\Java\jdk-11.0.7\bin\jimage.dll
0x00007ff8ac8b0000 - 0x00007ff8ac8c6000 	C:\Program Files\Java\jdk-11.0.7\bin\zip.dll
0x00007ff8bbf60000 - 0x00007ff8bc644000 	C:\Windows\System32\SHELL32.dll
0x00007ff8bbd00000 - 0x00007ff8bbda9000 	C:\Windows\System32\shcore.dll
0x00007ff8ba160000 - 0x00007ff8ba8de000 	C:\Windows\System32\windows.storage.dll
0x00007ff8b99e0000 - 0x00007ff8b9a03000 	C:\Windows\System32\profapi.dll
0x00007ff8b9970000 - 0x00007ff8b99ba000 	C:\Windows\System32\powrprof.dll
0x00007ff8b9960000 - 0x00007ff8b9970000 	C:\Windows\System32\UMPDC.dll
0x00007ff8bc830000 - 0x00007ff8bc882000 	C:\Windows\System32\shlwapi.dll
0x00007ff8b9a90000 - 0x00007ff8b9aa7000 	C:\Windows\System32\cryptsp.dll
0x00007ff8ac870000 - 0x00007ff8ac889000 	C:\Program Files\Java\jdk-11.0.7\bin\net.dll
0x00007ff8b19a0000 - 0x00007ff8b1a90000 	C:\Windows\SYSTEM32\WINHTTP.dll
0x00007ff8b9150000 - 0x00007ff8b91b7000 	C:\Windows\system32\mswsock.dll
0x00007ff89dfa0000 - 0x00007ff89dfb3000 	C:\Program Files\Java\jdk-11.0.7\bin\nio.dll
0x00007ff89de60000 - 0x00007ff89de69000 	C:\Program Files\Java\jdk-11.0.7\bin\management.dll
0x00007ff89dce0000 - 0x00007ff89dcec000 	C:\Program Files\Java\jdk-11.0.7\bin\management_ext.dll
0x00007ff88b570000 - 0x00007ff88b586000 	C:\Windows\system32\napinsp.dll
0x00007ff88ac70000 - 0x00007ff88ac8a000 	C:\Windows\system32\pnrpnsp.dll
0x00007ff8b8e90000 - 0x00007ff8b8f5b000 	C:\Windows\SYSTEM32\DNSAPI.dll
0x00007ff8bae80000 - 0x00007ff8bae88000 	C:\Windows\System32\NSI.dll
0x00007ff8b8e50000 - 0x00007ff8b8e8a000 	C:\Windows\SYSTEM32\IPHLPAPI.DLL
0x00007ff899b60000 - 0x00007ff899b6e000 	C:\Windows\System32\winrnr.dll
0x00007ff8b6150000 - 0x00007ff8b616c000 	C:\Windows\system32\NLAapi.dll
0x00007ff8947c0000 - 0x00007ff8947d5000 	C:\Windows\system32\wshbth.dll
0x00007ff8b0ab0000 - 0x00007ff8b0aba000 	C:\Windows\System32\rasadhlp.dll
0x00007ff8b20c0000 - 0x00007ff8b2137000 	C:\Windows\System32\fwpuclnt.dll
0x00007ff8b9a30000 - 0x00007ff8b9a56000 	C:\Windows\System32\bcrypt.dll
0x00007ff8b8ca0000 - 0x00007ff8b8cd3000 	C:\Windows\system32\rsaenh.dll
0x00007ff8b9880000 - 0x00007ff8b98a5000 	C:\Windows\SYSTEM32\USERENV.dll
0x00007ff8b9340000 - 0x00007ff8b934c000 	C:\Windows\SYSTEM32\CRYPTBASE.dll
0x00007ff8b3b60000 - 0x00007ff8b3b76000 	C:\Windows\SYSTEM32\dhcpcsvc6.DLL
0x00007ff8b3c60000 - 0x00007ff8b3c7c000 	C:\Windows\SYSTEM32\dhcpcsvc.DLL

dbghelp: loaded successfully - version: 4.0.5 - missing functions: none
symbol engine: initialized successfully - sym options: 0x614 - pdb path: .;C:\Program Files\Java\jdk-11.0.7\bin;C:\Windows\SYSTEM32;C:\Windows\WinSxS\amd64_microsoft.windows.common-controls_6595b64144ccf1df_6.0.18362.836_none_e6c4b943130f18ed;C:\Program Files\Java\jdk-11.0.7\bin\server

VM Arguments:
jvm_args: -Dcom.sun.management.jmxremote -Dcom.sun.management.jmxremote.port=56719 -Dcom.sun.management.jmxremote.authenticate=false -Dcom.sun.management.jmxremote.ssl=false -Djava.rmi.server.hostname=localhost -Dspring.jmx.enabled=true -Dspring.application.admin.enabled=true -Xverify:none -XX:TieredStopAtLevel=1 -Dspring.boot.project.name=cursomc-master -Dfile.encoding=UTF-8 
java_command: com.thiagolima.cursomc.CursomcApplication --spring.output.ansi.enabled=always
java_class_path (initial): C:\Users\thiso\OneDrive\Documentos\spring-tool-suite-4-4.6.1.RELEASE-e4.15.0-win32.win32.x86_64.self-extracting\sts-4.6.1.RELEASE\Projetos\cursomc-master\target\classes;C:\Users\thiso\.m2\repository\org\springframework\boot\spring-boot-starter-web\2.2.4.RELEASE\spring-boot-starter-web-2.2.4.RELEASE.jar;C:\Users\thiso\.m2\repository\org\springframework\boot\spring-boot-starter\2.2.4.RELEASE\spring-boot-starter-2.2.4.RELEASE.jar;C:\Users\thiso\.m2\repository\org\springframework\boot\spring-boot-starter-logging\2.2.4.RELEASE\spring-boot-starter-logging-2.2.4.RELEASE.jar;C:\Users\thiso\.m2\repository\ch\qos\logback\logback-classic\1.2.3\logback-classic-1.2.3.jar;C:\Users\thiso\.m2\repository\ch\qos\logback\logback-core\1.2.3\logback-core-1.2.3.jar;C:\Users\thiso\.m2\repository\org\apache\logging\log4j\log4j-to-slf4j\2.12.1\log4j-to-slf4j-2.12.1.jar;C:\Users\thiso\.m2\repository\org\apache\logging\log4j\log4j-api\2.12.1\log4j-api-2.12.1.jar;C:\Users\thiso\.m2\repository\org\slf4j\jul-to-slf4j\1.7.30\jul-to-slf4j-1.7.30.jar;C:\Users\thiso\.m2\repository\jakarta\annotation\jakarta.annotation-api\1.3.5\jakarta.annotation-api-1.3.5.jar;C:\Users\thiso\.m2\repository\org\yaml\snakeyaml\1.25\snakeyaml-1.25.jar;C:\Users\thiso\.m2\repository\org\springframework\boot\spring-boot-starter-json\2.2.4.RELEASE\spring-boot-starter-json-2.2.4.RELEASE.jar;C:\Users\thiso\.m2\repository\com\fasterxml\jackson\datatype\jackson-datatype-jdk8\2.10.2\jackson-datatype-jdk8-2.10.2.jar;C:\Users\thiso\.m2\repository\com\fasterxml\jackson\datatype\jackson-datatype-jsr310\2.10.2\jackson-datatype-jsr310-2.10.2.jar;C:\Users\thiso\.m2\repository\com\fasterxml\jackson\module\jackson-module-parameter-names\2.10.2\jackson-module-parameter-names-2.10.2.jar;C:\Users\thiso\.m2\repository\org\springframework\boot\spring-boot-starter-tomcat\2.2.4.RELEASE\spring-boot-starter-tomcat-2.2.4.RELEASE.jar;C:\Users\thiso\.m2\repository\org\apache\tomcat\embed\tomcat-embed-core\9.0.30\tomcat-
Launcher Type: SUN_STANDARD

[Global flags]
     bool BytecodeVerificationLocal                = false                                     {product} {command line}
     bool BytecodeVerificationRemote               = false                                     {product} {command line}
     intx CICompilerCount                          = 3                                         {product} {ergonomic}
     uint ConcGCThreads                            = 1                                         {product} {ergonomic}
     uint G1ConcRefinementThreads                  = 4                                         {product} {ergonomic}
   size_t G1HeapRegionSize                         = 1048576                                   {product} {ergonomic}
    uintx GCDrainStackTargetSize                   = 64                                        {product} {ergonomic}
   size_t InitialHeapSize                          = 268435456                                 {product} {ergonomic}
     bool ManagementServer                         = true                                      {product} {command line}
   size_t MarkStackSize                            = 4194304                                   {product} {ergonomic}
   size_t MaxHeapSize                              = 4267704320                                {product} {ergonomic}
   size_t MaxNewSize                               = 2560622592                                {product} {ergonomic}
   size_t MinHeapDeltaBytes                        = 1048576                                   {product} {ergonomic}
    uintx NonNMethodCodeHeapSize                   = 6973028                                {pd product} {ergonomic}
    uintx NonProfiledCodeHeapSize                  = 244685212                              {pd product} {ergonomic}
    uintx ProfiledCodeHeapSize                     = 0                                      {pd product} {ergonomic}
    uintx ReservedCodeCacheSize                    = 251658240                              {pd product} {ergonomic}
     bool SegmentedCodeCache                       = true                                      {product} {ergonomic}
     intx TieredStopAtLevel                        = 1                                         {product} {command line}
     bool UseCompressedClassPointers               = true                                 {lp64_product} {ergonomic}
     bool UseCompressedOops                        = true                                 {lp64_product} {ergonomic}
     bool UseG1GC                                  = true                                      {product} {ergonomic}
     bool UseLargePagesIndividualAllocation        = false                                  {pd product} {ergonomic}

Logging:
Log output configuration:
 #0: stdout all=warning uptime,level,tags
 #1: stderr all=off uptime,level,tags

Environment Variables:
JAVA_HOME=C:\Program Files\Java\jdk-11.0.7
PATH=C:/Program Files/Java/jdk-11.0.7/bin/server;C:/Program Files/Java/jdk-11.0.7/bin;C:\Program Files\Java\jdk-11.0.7\bin;C:\xampp\mysql\bin;C:\Users\thiso\AppData\Local\Microsoft\WindowsApps;C:\Users\thiso\AppData\Local\GitHubDesktop\bin;C:\Users\thiso\.dotnet\tools;C:\Program Files\heroku\bin;C:\Users\thiso\OneDrive\Documentos\spring-tool-suite-4-4.6.1.RELEASE-e4.15.0-win32.win32.x86_64.self-extracting\sts-4.6.1.RELEASE;
USERNAME=thiso
OS=Windows_NT
PROCESSOR_IDENTIFIER=Intel64 Family 6 Model 42 Stepping 7, GenuineIntel



---------------  S Y S T E M  ---------------

OS: Windows 10 , 64 bit Build 18362 (10.0.18362.778)

CPU:total 4 (initial active 4) (2 cores per cpu, 2 threads per core) family 6 model 42 stepping 7, cmov, cx8, fxsr, mmx, sse, sse2, sse3, ssse3, sse4.1, sse4.2, popcnt, avx, aes, clmul, ht, tsc, tscinvbit

Memory: 4k page, system-wide physical 16274M (11624M free)
TotalPageFile size 18706M (AvailPageFile size 12947M)
current process WorkingSet (physical memory assigned to process): 89M, peak: 89M
current process commit charge ("private bytes"): 355M, peak: 355M

vm_info: Java HotSpot(TM) 64-Bit Server VM (11.0.7+8-LTS) for windows-amd64 JRE (11.0.7+8-LTS), built on Mar 12 2020 02:04:32 by "mach5one" with MS VC++ 15.5 (VS2017)

END.
