#
# A fatal error has been detected by the Java Runtime Environment:
#
#  EXCEPTION_ACCESS_VIOLATION (0xc0000005) at pc=0x00007ffe8e57148f, pid=9828, tid=8988
#
# JRE version: Java(TM) SE Runtime Environment 18.9 (11.0.7+8) (build 11.0.7+8-LTS)
# Java VM: Java HotSpot(TM) 64-Bit Server VM 18.9 (11.0.7+8-LTS, mixed mode, tiered, compressed oops, g1 gc, windows-amd64)
# Problematic frame:
# V  [jvm.dll+0x65148f]
#
# No core dump will be written. Minidumps are not enabled by default on client versions of Windows
#
# If you would like to submit a bug report, please visit:
#   https://bugreport.java.com/bugreport/crash.jsp
#

---------------  S U M M A R Y ------------

Command Line: -Dcom.sun.management.jmxremote -Dcom.sun.management.jmxremote.port=49811 -Dcom.sun.management.jmxremote.authenticate=false -Dcom.sun.management.jmxremote.ssl=false -Djava.rmi.server.hostname=localhost -Dspring.jmx.enabled=true -Dspring.application.admin.enabled=true -Xverify:none -XX:TieredStopAtLevel=1 -Dspring.boot.project.name=cursomc-master -Dfile.encoding=UTF-8 com.thiagolima.cursomc.CursomcApplication --spring.output.ansi.enabled=always

Host: Intel(R) Core(TM) i5-2467M CPU @ 1.60GHz, 4 cores, 15G,  Windows 10 , 64 bit Build 18362 (10.0.18362.778)
Time: Sun Jun  7 20:08:38 2020 Hora oficial do Brasil elapsed time: 4 seconds (0d 0h 0m 4s)

---------------  T H R E A D  ---------------

Current thread (0x00000202de173000):  GCTaskThread "GC Thread#0" [stack: 0x000000f115d00000,0x000000f115e00000] [id=8988]

Stack: [0x000000f115d00000,0x000000f115e00000],  sp=0x000000f115dfdeb0,  free space=1015k
Native frames: (J=compiled Java code, j=interpreted, Vv=VM code, C=native code)
V  [jvm.dll+0x65148f]
V  [jvm.dll+0x615ed9]
V  [jvm.dll+0x2e4865]
V  [jvm.dll+0x2e42e9]
V  [jvm.dll+0x763a87]
V  [jvm.dll+0x763ef0]
V  [jvm.dll+0x32ba45]
V  [jvm.dll+0x32b524]
V  [jvm.dll+0x2f78f0]
V  [jvm.dll+0x7d4c20]
V  [jvm.dll+0x75e875]
V  [jvm.dll+0x660b26]
C  [ucrtbase.dll+0x20e82]
C  [KERNEL32.DLL+0x17bd4]
C  [ntdll.dll+0x6ce51]

JavaThread 0x0000020282d11800 (nid = 6748) was being processed
Java frames: (J=compiled Java code, j=interpreted, Vv=VM code)
j  java.net.PlainSocketImpl.accept0(I[Ljava/net/InetSocketAddress;)I+0 java.base@11.0.7
j  java.net.PlainSocketImpl.socketAccept(Ljava/net/SocketImpl;)V+37 java.base@11.0.7
j  java.net.AbstractPlainSocketImpl.accept(Ljava/net/SocketImpl;)V+7 java.base@11.0.7
j  java.net.ServerSocket.implAccept(Ljava/net/Socket;)V+60 java.base@11.0.7
j  java.net.ServerSocket.accept()Ljava/net/Socket;+48 java.base@11.0.7
j  sun.rmi.transport.tcp.TCPTransport$AcceptLoop.executeAcceptLoop()V+42 java.rmi@11.0.7
j  sun.rmi.transport.tcp.TCPTransport$AcceptLoop.run()V+1 java.rmi@11.0.7
j  java.lang.Thread.run()V+11 java.base@11.0.7
v  ~StubRoutines::call_stub

siginfo: EXCEPTION_ACCESS_VIOLATION (0xc0000005), reading address 0x00000001e4000080


Register to memory mapping:

RIP=0x00007ffe8e57148f jvm.dll
RAX=0x0000000800000007 is pointing into metadata
RBX=0x000000000000081c is an unknown value
RCX=0x000000000000001c is an unknown value
RDX=0x00000001e4000080 is an unknown value
RSP=0x000000f115dfdeb0 points into unknown readable memory: 1b 01 00 00 00 00 00 00
RBP=0x000000000000003c is an unknown value
RSI={method} {0x000002028393a580} 'implAccept' '(Ljava/net/Socket;)V' in 'java/net/ServerSocket'
RDI=0x000000000000081c is an unknown value
R8 =0x000000000000003c is an unknown value
R9 =0x000000f115dfe058 points into unknown readable memory: 00 00 00 00 00 00 00 00
R10=0x000002028393a428 is pointing into metadata
R11=0x000000f115dfe0d8 points into unknown readable memory: e9 42 20 8e fe 7f 00 00
R12=0x000000f115dfe058 points into unknown readable memory: 00 00 00 00 00 00 00 00
R13=64 is a compressed pointer to class: 0x0000000800000040
R14=0x0000020282d49510 points into unknown readable memory: 07 00 00 00 08 00 00 00
R15=0x000000f115dfdf40 points into unknown readable memory: 78 a5 93 83 02 02 00 00


Registers:
RAX=0x0000000800000007, RBX=0x000000000000081c, RCX=0x000000000000001c, RDX=0x00000001e4000080
RSP=0x000000f115dfdeb0, RBP=0x000000000000003c, RSI=0x000002028393a578, RDI=0x000000000000081c
R8 =0x000000000000003c, R9 =0x000000f115dfe058, R10=0x000002028393a428, R11=0x000000f115dfe0d8
R12=0x000000f115dfe058, R13=0x0000000000000040, R14=0x0000020282d49510, R15=0x000000f115dfdf40
RIP=0x00007ffe8e57148f, EFLAGS=0x0000000000010202

Top of Stack: (sp=0x000000f115dfdeb0)
0x000000f115dfdeb0:   000000000000011b 0000020283945ab8
0x000000f115dfdec0:   0000000000000000 0000000000000000
0x000000f115dfded0:   0000000000000009 000002028324ea48
0x000000f115dfdee0:   000002028324eac0 000002028324ea48
0x000000f115dfdef0:   000000000000003c 000000000000003c
0x000000f115dfdf00:   000002028393a578 000000f115dfe060
0x000000f115dfdf10:   000000f115dfe058 00007ffe8e535ed9
0x000000f115dfdf20:   000000f115dfe058 000000f115dfe060
0x000000f115dfdf30:   000002028393a578 000000f115dfe058
0x000000f115dfdf40:   000002028393a578 00000202de173000
0x000000f115dfdf50:   000002028324eac0 00007ffe8e204865
0x000000f115dfdf60:   000000f115dfe220 000000f115dfe1f0
0x000000f115dfdf70:   000000f115dfe060 000002028324eac0
0x000000f115dfdf80:   0000000000000001 000002028393a578
0x000000f115dfdf90:   00000202de173000 0000020200000004
0x000000f115dfdfa0:   00000202de173000 00007ffe8e207242 

Instructions: (pc=0x00007ffe8e57148f)
0x00007ffe8e57146f:   90 8b c7 25 1f 00 00 80 7d 07 ff c8 83 c8 e0 ff
0x00007ffe8e57147f:   c0 48 63 c8 49 8b 06 48 8b 14 c8 48 85 d2 74 15
0x00007ffe8e57148f:   48 8b 02 48 85 c0 74 0d 49 3b 07 75 08 0f b7 42
0x00007ffe8e57149f:   08 3b c5 74 79 ff c7 8b c7 2b c3 83 f8 03 7c c1 


Stack slot to memory mapping:
stack at sp + 0 slots: 0x000000000000011b is an unknown value
stack at sp + 1 slots: {method} {0x0000020283945ac0} 'accept' '(Ljava/net/SocketImpl;)V' in 'java/net/AbstractPlainSocketImpl'
stack at sp + 2 slots: 0x0 is NULL
stack at sp + 3 slots: 0x0 is NULL
stack at sp + 4 slots: 0x0000000000000009 is an unknown value
stack at sp + 5 slots: 0x000002028324ea48 points into unknown readable memory: f0 0f 7d 8e fe 7f 00 00
stack at sp + 6 slots: 0x000002028324eac0 points into unknown readable memory: e0 0f 7d 8e fe 7f 00 00
stack at sp + 7 slots: 0x000002028324ea48 points into unknown readable memory: f0 0f 7d 8e fe 7f 00 00


---------------  P R O C E S S  ---------------

Threads class SMR info:
_java_thread_list=0x0000020282e8b260, length=18, elements={
0x00000202de15b000, 0x00000202ff1a2000, 0x00000202ff1ab800, 0x00000202ffaa7800,
0x00000202ffaaa800, 0x00000202ffaae800, 0x00000202ffacd000, 0x00000202ffa40800,
0x00000202ffcc3000, 0x0000020282d66800, 0x0000020282d11800, 0x0000020282dd1000,
0x0000020282dd1800, 0x0000020282e1f000, 0x000002028309d000, 0x000002028309d800,
0x00000202831e0000, 0x000002028321a000
}

Java Threads: ( => current thread )
  0x00000202de15b000 JavaThread "main" [_thread_blocked, id=6160, stack(0x000000f115c00000,0x000000f115d00000)]
  0x00000202ff1a2000 JavaThread "Reference Handler" daemon [_thread_blocked, id=7660, stack(0x000000f116300000,0x000000f116400000)]
  0x00000202ff1ab800 JavaThread "Finalizer" daemon [_thread_blocked, id=1404, stack(0x000000f116400000,0x000000f116500000)]
  0x00000202ffaa7800 JavaThread "Signal Dispatcher" daemon [_thread_blocked, id=7184, stack(0x000000f116500000,0x000000f116600000)]
  0x00000202ffaaa800 JavaThread "Attach Listener" daemon [_thread_blocked, id=7356, stack(0x000000f116600000,0x000000f116700000)]
  0x00000202ffaae800 JavaThread "C1 CompilerThread0" daemon [_thread_blocked, id=7860, stack(0x000000f116700000,0x000000f116800000)]
  0x00000202ffacd000 JavaThread "Sweeper thread" daemon [_thread_blocked, id=7856, stack(0x000000f116800000,0x000000f116900000)]
  0x00000202ffa40800 JavaThread "Common-Cleaner" daemon [_thread_blocked, id=7840, stack(0x000000f116900000,0x000000f116a00000)]
  0x00000202ffcc3000 JavaThread "Service Thread" daemon [_thread_blocked, id=7836, stack(0x000000f116a00000,0x000000f116b00000)]
  0x0000020282d66800 JavaThread "RMI TCP Accept-0" daemon [_thread_in_native, id=11828, stack(0x000000f116e00000,0x000000f116f00000)]
  0x0000020282d11800 JavaThread "RMI TCP Accept-49811" daemon [_thread_in_native, id=6748, stack(0x000000f116f00000,0x000000f117000000)]
  0x0000020282dd1000 JavaThread "RMI TCP Connection(1)-127.0.0.1" daemon [_thread_in_native, id=10836, stack(0x000000f117000000,0x000000f117100000)]
  0x0000020282dd1800 JavaThread "RMI TCP Accept-0" daemon [_thread_in_native, id=2964, stack(0x000000f117100000,0x000000f117200000)]
  0x0000020282e1f000 JavaThread "RMI Scheduler(0)" daemon [_thread_blocked, id=12112, stack(0x000000f117300000,0x000000f117400000)]
  0x000002028309d000 JavaThread "RMI TCP Connection(2)-127.0.0.1" daemon [_thread_in_native, id=2012, stack(0x000000f117400000,0x000000f117500000)]
  0x000002028309d800 JavaThread "RMI TCP Connection(3)-127.0.0.1" daemon [_thread_blocked, id=11988, stack(0x000000f117500000,0x000000f117600000)]
  0x00000202831e0000 JavaThread "JMX server connection timeout 20" daemon [_thread_blocked, id=9896, stack(0x000000f117600000,0x000000f117700000)]
  0x000002028321a000 JavaThread "JMX server connection timeout 21" daemon [_thread_blocked, id=8276, stack(0x000000f117700000,0x000000f117800000)]

Other Threads:
  0x00000202ff19d000 VMThread "VM Thread" [stack: 0x000000f116200000,0x000000f116300000] [id=1304]
  0x0000020282dde000 WatcherThread [stack: 0x000000f117200000,0x000000f117300000] [id=10844]
=>0x00000202de173000 GCTaskThread "GC Thread#0" [stack: 0x000000f115d00000,0x000000f115e00000] [id=8988]
  0x00000202827f7800 GCTaskThread "GC Thread#1" [stack: 0x000000f116b00000,0x000000f116c00000] [id=1036]
  0x00000202827f8800 GCTaskThread "GC Thread#2" [stack: 0x000000f116c00000,0x000000f116d00000] [id=11140]
  0x00000202828db000 GCTaskThread "GC Thread#3" [stack: 0x000000f116d00000,0x000000f116e00000] [id=11056]
  0x00000202de1d0000 ConcurrentGCThread "G1 Main Marker" [stack: 0x000000f115e00000,0x000000f115f00000] [id=4888]
  0x00000202de1d3000 ConcurrentGCThread "G1 Conc#0" [stack: 0x000000f115f00000,0x000000f116000000] [id=11032]
  0x00000202ff084800 ConcurrentGCThread "G1 Refine#0" [stack: 0x000000f116000000,0x000000f116100000] [id=10820]
  0x00000202ff085800 ConcurrentGCThread "G1 Young RemSet Sampling" [stack: 0x000000f116100000,0x000000f116200000] [id=6180]

Threads with active compile tasks:
C1 CompilerThread01447   !   1       jdk.internal.loader.URLClassPath$JarLoader::getResource (353 bytes)

VM state:at safepoint (normal execution)

VM Mutex/Monitor currently owned by a thread:  ([mutex/lock_event])
[0x00000202de159940] Threads_lock - owner thread: 0x00000202ff19d000
[0x00000202de15a000] Heap_lock - owner thread: 0x00000202de15b000

Heap address: 0x0000000701a00000, size: 4070 MB, Compressed Oops mode: Zero based, Oop shift amount: 3
Narrow klass base: 0x0000000800000000, Narrow klass shift: 0
Compressed class space size: 1073741824 Address: 0x0000000800000000

Heap:
 garbage-first heap   total 262144K, used 35157K [0x0000000701a00000, 0x0000000800000000)
  region size 1024K, 18 young (18432K), 2 survivors (2048K)
 Metaspace       used 15141K, capacity 15594K, committed 15616K, reserved 1062912K
  class space    used 1636K, capacity 1792K, committed 1792K, reserved 1048576K
Heap Regions: E=young(eden), S=young(survivor), O=old, HS=humongous(starts), HC=humongous(continues), CS=collection set, F=free, A=archive, TAMS=top-at-mark-start (previous, next)
|   0|0x0000000701a00000, 0x0000000701b00000, 0x0000000701b00000|100%|HS|  |TAMS 0x0000000701a00000, 0x0000000701a00000| Complete 
|   1|0x0000000701b00000, 0x0000000701c00000, 0x0000000701c00000|100%| O|  |TAMS 0x0000000701b00000, 0x0000000701b00000| Untracked 
|   2|0x0000000701c00000, 0x0000000701d00000, 0x0000000701d00000|100%| O|  |TAMS 0x0000000701c00000, 0x0000000701c00000| Untracked 
|   3|0x0000000701d00000, 0x0000000701e00000, 0x0000000701e00000|100%| O|  |TAMS 0x0000000701d00000, 0x0000000701d00000| Untracked 
|   4|0x0000000701e00000, 0x0000000701f00000, 0x0000000701f00000|100%| O|  |TAMS 0x0000000701e00000, 0x0000000701e00000| Untracked 
|   5|0x0000000701f00000, 0x0000000702000000, 0x0000000702000000|100%| O|  |TAMS 0x0000000701f00000, 0x0000000701f00000| Untracked 
|   6|0x0000000702000000, 0x0000000702100000, 0x0000000702100000|100%| O|  |TAMS 0x0000000702000000, 0x0000000702000000| Untracked 
|   7|0x0000000702100000, 0x0000000702200000, 0x0000000702200000|100%| O|  |TAMS 0x0000000702100000, 0x0000000702100000| Untracked 
|   8|0x0000000702200000, 0x0000000702300000, 0x0000000702300000|100%| O|  |TAMS 0x0000000702200000, 0x0000000702200000| Untracked 
|   9|0x0000000702300000, 0x0000000702400000, 0x0000000702400000|100%| O|  |TAMS 0x0000000702300000, 0x0000000702300000| Untracked 
|  10|0x0000000702400000, 0x0000000702500000, 0x0000000702500000|100%| O|  |TAMS 0x0000000702400000, 0x0000000702400000| Untracked 
|  11|0x0000000702500000, 0x0000000702600000, 0x0000000702600000|100%| O|  |TAMS 0x0000000702500000, 0x0000000702500000| Untracked 
|  12|0x0000000702600000, 0x0000000702700000, 0x0000000702700000|100%| O|  |TAMS 0x0000000702600000, 0x0000000702600000| Untracked 
|  13|0x0000000702700000, 0x0000000702800000, 0x0000000702800000|100%| O|  |TAMS 0x0000000702700000, 0x0000000702700000| Untracked 
|  14|0x0000000702800000, 0x0000000702900000, 0x0000000702900000|100%| O|  |TAMS 0x0000000702800000, 0x0000000702800000| Untracked 
|  15|0x0000000702900000, 0x0000000702a00000, 0x0000000702a00000|100%| O|  |TAMS 0x0000000702900000, 0x0000000702900000| Untracked 
|  16|0x0000000702a00000, 0x0000000702b00000, 0x0000000702b00000|100%| O|  |TAMS 0x0000000702a00000, 0x0000000702a00000| Untracked 
|  17|0x0000000702b00000, 0x0000000702c00000, 0x0000000702c00000|100%| O|  |TAMS 0x0000000702b00000, 0x0000000702b00000| Untracked 
|  18|0x0000000702c00000, 0x0000000702c63a18, 0x0000000702d00000| 38%| O|  |TAMS 0x0000000702c00000, 0x0000000702c00000| Untracked 
|  19|0x0000000702d00000, 0x0000000702d00000, 0x0000000702e00000|  0%| F|  |TAMS 0x0000000702d00000, 0x0000000702d00000| Untracked 
|  20|0x0000000702e00000, 0x0000000702e00000, 0x0000000702f00000|  0%| F|  |TAMS 0x0000000702e00000, 0x0000000702e00000| Untracked 
|  21|0x0000000702f00000, 0x0000000702f00000, 0x0000000703000000|  0%| F|  |TAMS 0x0000000702f00000, 0x0000000702f00000| Untracked 
|  22|0x0000000703000000, 0x0000000703000000, 0x0000000703100000|  0%| F|  |TAMS 0x0000000703000000, 0x0000000703000000| Untracked 
|  23|0x0000000703100000, 0x0000000703100000, 0x0000000703200000|  0%| F|  |TAMS 0x0000000703100000, 0x0000000703100000| Untracked 
|  24|0x0000000703200000, 0x0000000703200000, 0x0000000703300000|  0%| F|  |TAMS 0x0000000703200000, 0x0000000703200000| Untracked 
|  25|0x0000000703300000, 0x0000000703300000, 0x0000000703400000|  0%| F|  |TAMS 0x0000000703300000, 0x0000000703300000| Untracked 
|  26|0x0000000703400000, 0x0000000703400000, 0x0000000703500000|  0%| F|  |TAMS 0x0000000703400000, 0x0000000703400000| Untracked 
|  27|0x0000000703500000, 0x0000000703500000, 0x0000000703600000|  0%| F|  |TAMS 0x0000000703500000, 0x0000000703500000| Untracked 
|  28|0x0000000703600000, 0x0000000703600000, 0x0000000703700000|  0%| F|  |TAMS 0x0000000703600000, 0x0000000703600000| Untracked 
|  29|0x0000000703700000, 0x0000000703700000, 0x0000000703800000|  0%| F|  |TAMS 0x0000000703700000, 0x0000000703700000| Untracked 
|  30|0x0000000703800000, 0x0000000703800000, 0x0000000703900000|  0%| F|  |TAMS 0x0000000703800000, 0x0000000703800000| Untracked 
|  31|0x0000000703900000, 0x0000000703900000, 0x0000000703a00000|  0%| F|  |TAMS 0x0000000703900000, 0x0000000703900000| Untracked 
|  32|0x0000000703a00000, 0x0000000703a00000, 0x0000000703b00000|  0%| F|  |TAMS 0x0000000703a00000, 0x0000000703a00000| Untracked 
|  33|0x0000000703b00000, 0x0000000703b00000, 0x0000000703c00000|  0%| F|  |TAMS 0x0000000703b00000, 0x0000000703b00000| Untracked 
|  34|0x0000000703c00000, 0x0000000703c00000, 0x0000000703d00000|  0%| F|  |TAMS 0x0000000703c00000, 0x0000000703c00000| Untracked 
|  35|0x0000000703d00000, 0x0000000703d00000, 0x0000000703e00000|  0%| F|  |TAMS 0x0000000703d00000, 0x0000000703d00000| Untracked 
|  36|0x0000000703e00000, 0x0000000703e00000, 0x0000000703f00000|  0%| F|  |TAMS 0x0000000703e00000, 0x0000000703e00000| Untracked 
|  37|0x0000000703f00000, 0x0000000703f00000, 0x0000000704000000|  0%| F|  |TAMS 0x0000000703f00000, 0x0000000703f00000| Untracked 
|  38|0x0000000704000000, 0x0000000704000000, 0x0000000704100000|  0%| F|  |TAMS 0x0000000704000000, 0x0000000704000000| Untracked 
|  39|0x0000000704100000, 0x0000000704100000, 0x0000000704200000|  0%| F|  |TAMS 0x0000000704100000, 0x0000000704100000| Untracked 
|  40|0x0000000704200000, 0x0000000704200000, 0x0000000704300000|  0%| F|  |TAMS 0x0000000704200000, 0x0000000704200000| Untracked 
|  41|0x0000000704300000, 0x0000000704300000, 0x0000000704400000|  0%| F|  |TAMS 0x0000000704300000, 0x0000000704300000| Untracked 
|  42|0x0000000704400000, 0x0000000704400000, 0x0000000704500000|  0%| F|  |TAMS 0x0000000704400000, 0x0000000704400000| Untracked 
|  43|0x0000000704500000, 0x0000000704500000, 0x0000000704600000|  0%| F|  |TAMS 0x0000000704500000, 0x0000000704500000| Untracked 
|  44|0x0000000704600000, 0x0000000704600000, 0x0000000704700000|  0%| F|  |TAMS 0x0000000704600000, 0x0000000704600000| Untracked 
|  45|0x0000000704700000, 0x0000000704700000, 0x0000000704800000|  0%| F|  |TAMS 0x0000000704700000, 0x0000000704700000| Untracked 
|  46|0x0000000704800000, 0x0000000704800000, 0x0000000704900000|  0%| F|  |TAMS 0x0000000704800000, 0x0000000704800000| Untracked 
|  47|0x0000000704900000, 0x0000000704900000, 0x0000000704a00000|  0%| F|  |TAMS 0x0000000704900000, 0x0000000704900000| Untracked 
|  48|0x0000000704a00000, 0x0000000704a00000, 0x0000000704b00000|  0%| F|  |TAMS 0x0000000704a00000, 0x0000000704a00000| Untracked 
|  49|0x0000000704b00000, 0x0000000704b00000, 0x0000000704c00000|  0%| F|  |TAMS 0x0000000704b00000, 0x0000000704b00000| Untracked 
|  50|0x0000000704c00000, 0x0000000704c00000, 0x0000000704d00000|  0%| F|  |TAMS 0x0000000704c00000, 0x0000000704c00000| Untracked 
|  51|0x0000000704d00000, 0x0000000704d00000, 0x0000000704e00000|  0%| F|  |TAMS 0x0000000704d00000, 0x0000000704d00000| Untracked 
|  52|0x0000000704e00000, 0x0000000704e00000, 0x0000000704f00000|  0%| F|  |TAMS 0x0000000704e00000, 0x0000000704e00000| Untracked 
|  53|0x0000000704f00000, 0x0000000704f00000, 0x0000000705000000|  0%| F|  |TAMS 0x0000000704f00000, 0x0000000704f00000| Untracked 
|  54|0x0000000705000000, 0x0000000705000000, 0x0000000705100000|  0%| F|  |TAMS 0x0000000705000000, 0x0000000705000000| Untracked 
|  55|0x0000000705100000, 0x0000000705100000, 0x0000000705200000|  0%| F|  |TAMS 0x0000000705100000, 0x0000000705100000| Untracked 
|  56|0x0000000705200000, 0x0000000705200000, 0x0000000705300000|  0%| F|  |TAMS 0x0000000705200000, 0x0000000705200000| Untracked 
|  57|0x0000000705300000, 0x0000000705300000, 0x0000000705400000|  0%| F|  |TAMS 0x0000000705300000, 0x0000000705300000| Untracked 
|  58|0x0000000705400000, 0x0000000705400000, 0x0000000705500000|  0%| F|  |TAMS 0x0000000705400000, 0x0000000705400000| Untracked 
|  59|0x0000000705500000, 0x0000000705500000, 0x0000000705600000|  0%| F|  |TAMS 0x0000000705500000, 0x0000000705500000| Untracked 
|  60|0x0000000705600000, 0x0000000705600000, 0x0000000705700000|  0%| F|  |TAMS 0x0000000705600000, 0x0000000705600000| Untracked 
|  61|0x0000000705700000, 0x0000000705700000, 0x0000000705800000|  0%| F|  |TAMS 0x0000000705700000, 0x0000000705700000| Untracked 
|  62|0x0000000705800000, 0x0000000705800000, 0x0000000705900000|  0%| F|  |TAMS 0x0000000705800000, 0x0000000705800000| Untracked 
|  63|0x0000000705900000, 0x0000000705900000, 0x0000000705a00000|  0%| F|  |TAMS 0x0000000705900000, 0x0000000705900000| Untracked 
|  64|0x0000000705a00000, 0x0000000705a00000, 0x0000000705b00000|  0%| F|  |TAMS 0x0000000705a00000, 0x0000000705a00000| Untracked 
|  65|0x0000000705b00000, 0x0000000705b00000, 0x0000000705c00000|  0%| F|  |TAMS 0x0000000705b00000, 0x0000000705b00000| Untracked 
|  66|0x0000000705c00000, 0x0000000705c00000, 0x0000000705d00000|  0%| F|  |TAMS 0x0000000705c00000, 0x0000000705c00000| Untracked 
|  67|0x0000000705d00000, 0x0000000705d00000, 0x0000000705e00000|  0%| F|  |TAMS 0x0000000705d00000, 0x0000000705d00000| Untracked 
|  68|0x0000000705e00000, 0x0000000705e00000, 0x0000000705f00000|  0%| F|  |TAMS 0x0000000705e00000, 0x0000000705e00000| Untracked 
|  69|0x0000000705f00000, 0x0000000705f00000, 0x0000000706000000|  0%| F|  |TAMS 0x0000000705f00000, 0x0000000705f00000| Untracked 
|  70|0x0000000706000000, 0x0000000706000000, 0x0000000706100000|  0%| F|  |TAMS 0x0000000706000000, 0x0000000706000000| Untracked 
|  71|0x0000000706100000, 0x0000000706100000, 0x0000000706200000|  0%| F|  |TAMS 0x0000000706100000, 0x0000000706100000| Untracked 
|  72|0x0000000706200000, 0x0000000706200000, 0x0000000706300000|  0%| F|  |TAMS 0x0000000706200000, 0x0000000706200000| Untracked 
|  73|0x0000000706300000, 0x0000000706300000, 0x0000000706400000|  0%| F|  |TAMS 0x0000000706300000, 0x0000000706300000| Untracked 
|  74|0x0000000706400000, 0x0000000706400000, 0x0000000706500000|  0%| F|  |TAMS 0x0000000706400000, 0x0000000706400000| Untracked 
|  75|0x0000000706500000, 0x0000000706500000, 0x0000000706600000|  0%| F|  |TAMS 0x0000000706500000, 0x0000000706500000| Untracked 
|  76|0x0000000706600000, 0x0000000706600000, 0x0000000706700000|  0%| F|  |TAMS 0x0000000706600000, 0x0000000706600000| Untracked 
|  77|0x0000000706700000, 0x0000000706700000, 0x0000000706800000|  0%| F|  |TAMS 0x0000000706700000, 0x0000000706700000| Untracked 
|  78|0x0000000706800000, 0x0000000706800000, 0x0000000706900000|  0%| F|  |TAMS 0x0000000706800000, 0x0000000706800000| Untracked 
|  79|0x0000000706900000, 0x0000000706900000, 0x0000000706a00000|  0%| F|  |TAMS 0x0000000706900000, 0x0000000706900000| Untracked 
|  80|0x0000000706a00000, 0x0000000706a00000, 0x0000000706b00000|  0%| F|  |TAMS 0x0000000706a00000, 0x0000000706a00000| Untracked 
|  81|0x0000000706b00000, 0x0000000706b00000, 0x0000000706c00000|  0%| F|  |TAMS 0x0000000706b00000, 0x0000000706b00000| Untracked 
|  82|0x0000000706c00000, 0x0000000706c00000, 0x0000000706d00000|  0%| F|  |TAMS 0x0000000706c00000, 0x0000000706c00000| Untracked 
|  83|0x0000000706d00000, 0x0000000706d00000, 0x0000000706e00000|  0%| F|  |TAMS 0x0000000706d00000, 0x0000000706d00000| Untracked 
|  84|0x0000000706e00000, 0x0000000706e00000, 0x0000000706f00000|  0%| F|  |TAMS 0x0000000706e00000, 0x0000000706e00000| Untracked 
|  85|0x0000000706f00000, 0x0000000706f00000, 0x0000000707000000|  0%| F|  |TAMS 0x0000000706f00000, 0x0000000706f00000| Untracked 
|  86|0x0000000707000000, 0x0000000707000000, 0x0000000707100000|  0%| F|  |TAMS 0x0000000707000000, 0x0000000707000000| Untracked 
|  87|0x0000000707100000, 0x0000000707100000, 0x0000000707200000|  0%| F|  |TAMS 0x0000000707100000, 0x0000000707100000| Untracked 
|  88|0x0000000707200000, 0x0000000707200000, 0x0000000707300000|  0%| F|  |TAMS 0x0000000707200000, 0x0000000707200000| Untracked 
|  89|0x0000000707300000, 0x0000000707300000, 0x0000000707400000|  0%| F|  |TAMS 0x0000000707300000, 0x0000000707300000| Untracked 
|  90|0x0000000707400000, 0x0000000707400000, 0x0000000707500000|  0%| F|  |TAMS 0x0000000707400000, 0x0000000707400000| Untracked 
|  91|0x0000000707500000, 0x0000000707500000, 0x0000000707600000|  0%| F|  |TAMS 0x0000000707500000, 0x0000000707500000| Untracked 
|  92|0x0000000707600000, 0x0000000707600000, 0x0000000707700000|  0%| F|  |TAMS 0x0000000707600000, 0x0000000707600000| Untracked 
|  93|0x0000000707700000, 0x0000000707700000, 0x0000000707800000|  0%| F|  |TAMS 0x0000000707700000, 0x0000000707700000| Untracked 
|  94|0x0000000707800000, 0x0000000707800000, 0x0000000707900000|  0%| F|  |TAMS 0x0000000707800000, 0x0000000707800000| Untracked 
|  95|0x0000000707900000, 0x0000000707900000, 0x0000000707a00000|  0%| F|  |TAMS 0x0000000707900000, 0x0000000707900000| Untracked 
|  96|0x0000000707a00000, 0x0000000707a00000, 0x0000000707b00000|  0%| F|  |TAMS 0x0000000707a00000, 0x0000000707a00000| Untracked 
|  97|0x0000000707b00000, 0x0000000707b00000, 0x0000000707c00000|  0%| F|  |TAMS 0x0000000707b00000, 0x0000000707b00000| Untracked 
|  98|0x0000000707c00000, 0x0000000707c00000, 0x0000000707d00000|  0%| F|  |TAMS 0x0000000707c00000, 0x0000000707c00000| Untracked 
|  99|0x0000000707d00000, 0x0000000707d00000, 0x0000000707e00000|  0%| F|  |TAMS 0x0000000707d00000, 0x0000000707d00000| Untracked 
| 100|0x0000000707e00000, 0x0000000707e00000, 0x0000000707f00000|  0%| F|  |TAMS 0x0000000707e00000, 0x0000000707e00000| Untracked 
| 101|0x0000000707f00000, 0x0000000707f00000, 0x0000000708000000|  0%| F|  |TAMS 0x0000000707f00000, 0x0000000707f00000| Untracked 
| 102|0x0000000708000000, 0x0000000708000000, 0x0000000708100000|  0%| F|  |TAMS 0x0000000708000000, 0x0000000708000000| Untracked 
| 103|0x0000000708100000, 0x0000000708100000, 0x0000000708200000|  0%| F|  |TAMS 0x0000000708100000, 0x0000000708100000| Untracked 
| 104|0x0000000708200000, 0x0000000708200000, 0x0000000708300000|  0%| F|  |TAMS 0x0000000708200000, 0x0000000708200000| Untracked 
| 105|0x0000000708300000, 0x0000000708300000, 0x0000000708400000|  0%| F|  |TAMS 0x0000000708300000, 0x0000000708300000| Untracked 
| 106|0x0000000708400000, 0x0000000708400000, 0x0000000708500000|  0%| F|  |TAMS 0x0000000708400000, 0x0000000708400000| Untracked 
| 107|0x0000000708500000, 0x0000000708500000, 0x0000000708600000|  0%| F|  |TAMS 0x0000000708500000, 0x0000000708500000| Untracked 
| 108|0x0000000708600000, 0x0000000708600000, 0x0000000708700000|  0%| F|  |TAMS 0x0000000708600000, 0x0000000708600000| Untracked 
| 109|0x0000000708700000, 0x0000000708700000, 0x0000000708800000|  0%| F|  |TAMS 0x0000000708700000, 0x0000000708700000| Untracked 
| 110|0x0000000708800000, 0x0000000708800000, 0x0000000708900000|  0%| F|  |TAMS 0x0000000708800000, 0x0000000708800000| Untracked 
| 111|0x0000000708900000, 0x0000000708900000, 0x0000000708a00000|  0%| F|  |TAMS 0x0000000708900000, 0x0000000708900000| Untracked 
| 112|0x0000000708a00000, 0x0000000708a00000, 0x0000000708b00000|  0%| F|  |TAMS 0x0000000708a00000, 0x0000000708a00000| Untracked 
| 113|0x0000000708b00000, 0x0000000708b00000, 0x0000000708c00000|  0%| F|  |TAMS 0x0000000708b00000, 0x0000000708b00000| Untracked 
| 114|0x0000000708c00000, 0x0000000708c00000, 0x0000000708d00000|  0%| F|  |TAMS 0x0000000708c00000, 0x0000000708c00000| Untracked 
| 115|0x0000000708d00000, 0x0000000708d00000, 0x0000000708e00000|  0%| F|  |TAMS 0x0000000708d00000, 0x0000000708d00000| Untracked 
| 116|0x0000000708e00000, 0x0000000708e00000, 0x0000000708f00000|  0%| F|  |TAMS 0x0000000708e00000, 0x0000000708e00000| Untracked 
| 117|0x0000000708f00000, 0x0000000708f00000, 0x0000000709000000|  0%| F|  |TAMS 0x0000000708f00000, 0x0000000708f00000| Untracked 
| 118|0x0000000709000000, 0x0000000709000000, 0x0000000709100000|  0%| F|  |TAMS 0x0000000709000000, 0x0000000709000000| Untracked 
| 119|0x0000000709100000, 0x0000000709100000, 0x0000000709200000|  0%| F|  |TAMS 0x0000000709100000, 0x0000000709100000| Untracked 
| 120|0x0000000709200000, 0x0000000709200000, 0x0000000709300000|  0%| F|  |TAMS 0x0000000709200000, 0x0000000709200000| Untracked 
| 121|0x0000000709300000, 0x0000000709300000, 0x0000000709400000|  0%| F|  |TAMS 0x0000000709300000, 0x0000000709300000| Untracked 
| 122|0x0000000709400000, 0x0000000709400000, 0x0000000709500000|  0%| F|  |TAMS 0x0000000709400000, 0x0000000709400000| Untracked 
| 123|0x0000000709500000, 0x0000000709500000, 0x0000000709600000|  0%| F|  |TAMS 0x0000000709500000, 0x0000000709500000| Untracked 
| 124|0x0000000709600000, 0x0000000709600000, 0x0000000709700000|  0%| F|  |TAMS 0x0000000709600000, 0x0000000709600000| Untracked 
| 125|0x0000000709700000, 0x0000000709700000, 0x0000000709800000|  0%| F|  |TAMS 0x0000000709700000, 0x0000000709700000| Untracked 
| 126|0x0000000709800000, 0x0000000709800000, 0x0000000709900000|  0%| F|  |TAMS 0x0000000709800000, 0x0000000709800000| Untracked 
| 127|0x0000000709900000, 0x0000000709900000, 0x0000000709a00000|  0%| F|  |TAMS 0x0000000709900000, 0x0000000709900000| Untracked 
| 128|0x0000000709a00000, 0x0000000709a00000, 0x0000000709b00000|  0%| F|  |TAMS 0x0000000709a00000, 0x0000000709a00000| Untracked 
| 129|0x0000000709b00000, 0x0000000709b00000, 0x0000000709c00000|  0%| F|  |TAMS 0x0000000709b00000, 0x0000000709b00000| Untracked 
| 130|0x0000000709c00000, 0x0000000709c00000, 0x0000000709d00000|  0%| F|  |TAMS 0x0000000709c00000, 0x0000000709c00000| Untracked 
| 131|0x0000000709d00000, 0x0000000709d00000, 0x0000000709e00000|  0%| F|  |TAMS 0x0000000709d00000, 0x0000000709d00000| Untracked 
| 132|0x0000000709e00000, 0x0000000709e00000, 0x0000000709f00000|  0%| F|  |TAMS 0x0000000709e00000, 0x0000000709e00000| Untracked 
| 133|0x0000000709f00000, 0x0000000709f00000, 0x000000070a000000|  0%| F|  |TAMS 0x0000000709f00000, 0x0000000709f00000| Untracked 
| 134|0x000000070a000000, 0x000000070a000000, 0x000000070a100000|  0%| F|  |TAMS 0x000000070a000000, 0x000000070a000000| Untracked 
| 135|0x000000070a100000, 0x000000070a100000, 0x000000070a200000|  0%| F|  |TAMS 0x000000070a100000, 0x000000070a100000| Untracked 
| 136|0x000000070a200000, 0x000000070a200000, 0x000000070a300000|  0%| F|  |TAMS 0x000000070a200000, 0x000000070a200000| Untracked 
| 137|0x000000070a300000, 0x000000070a300000, 0x000000070a400000|  0%| F|  |TAMS 0x000000070a300000, 0x000000070a300000| Untracked 
| 138|0x000000070a400000, 0x000000070a400000, 0x000000070a500000|  0%| F|  |TAMS 0x000000070a400000, 0x000000070a400000| Untracked 
| 139|0x000000070a500000, 0x000000070a500000, 0x000000070a600000|  0%| F|  |TAMS 0x000000070a500000, 0x000000070a500000| Untracked 
| 140|0x000000070a600000, 0x000000070a600000, 0x000000070a700000|  0%| F|  |TAMS 0x000000070a600000, 0x000000070a600000| Untracked 
| 141|0x000000070a700000, 0x000000070a700000, 0x000000070a800000|  0%| F|  |TAMS 0x000000070a700000, 0x000000070a700000| Untracked 
| 142|0x000000070a800000, 0x000000070a800000, 0x000000070a900000|  0%| F|  |TAMS 0x000000070a800000, 0x000000070a800000| Untracked 
| 143|0x000000070a900000, 0x000000070a900000, 0x000000070aa00000|  0%| F|  |TAMS 0x000000070a900000, 0x000000070a900000| Untracked 
| 144|0x000000070aa00000, 0x000000070aa00000, 0x000000070ab00000|  0%| F|  |TAMS 0x000000070aa00000, 0x000000070aa00000| Untracked 
| 145|0x000000070ab00000, 0x000000070ab00000, 0x000000070ac00000|  0%| F|  |TAMS 0x000000070ab00000, 0x000000070ab00000| Untracked 
| 146|0x000000070ac00000, 0x000000070ac00000, 0x000000070ad00000|  0%| F|  |TAMS 0x000000070ac00000, 0x000000070ac00000| Untracked 
| 147|0x000000070ad00000, 0x000000070ad00000, 0x000000070ae00000|  0%| F|  |TAMS 0x000000070ad00000, 0x000000070ad00000| Untracked 
| 148|0x000000070ae00000, 0x000000070ae00000, 0x000000070af00000|  0%| F|  |TAMS 0x000000070ae00000, 0x000000070ae00000| Untracked 
| 149|0x000000070af00000, 0x000000070af00000, 0x000000070b000000|  0%| F|  |TAMS 0x000000070af00000, 0x000000070af00000| Untracked 
| 150|0x000000070b000000, 0x000000070b000000, 0x000000070b100000|  0%| F|  |TAMS 0x000000070b000000, 0x000000070b000000| Untracked 
| 151|0x000000070b100000, 0x000000070b100000, 0x000000070b200000|  0%| F|  |TAMS 0x000000070b100000, 0x000000070b100000| Untracked 
| 152|0x000000070b200000, 0x000000070b200000, 0x000000070b300000|  0%| F|  |TAMS 0x000000070b200000, 0x000000070b200000| Untracked 
| 153|0x000000070b300000, 0x000000070b300000, 0x000000070b400000|  0%| F|  |TAMS 0x000000070b300000, 0x000000070b300000| Untracked 
| 154|0x000000070b400000, 0x000000070b400000, 0x000000070b500000|  0%| F|  |TAMS 0x000000070b400000, 0x000000070b400000| Untracked 
| 155|0x000000070b500000, 0x000000070b500000, 0x000000070b600000|  0%| F|  |TAMS 0x000000070b500000, 0x000000070b500000| Untracked 
| 156|0x000000070b600000, 0x000000070b600000, 0x000000070b700000|  0%| F|  |TAMS 0x000000070b600000, 0x000000070b600000| Untracked 
| 157|0x000000070b700000, 0x000000070b700000, 0x000000070b800000|  0%| F|  |TAMS 0x000000070b700000, 0x000000070b700000| Untracked 
| 158|0x000000070b800000, 0x000000070b800000, 0x000000070b900000|  0%| F|  |TAMS 0x000000070b800000, 0x000000070b800000| Untracked 
| 159|0x000000070b900000, 0x000000070b900000, 0x000000070ba00000|  0%| F|  |TAMS 0x000000070b900000, 0x000000070b900000| Untracked 
| 160|0x000000070ba00000, 0x000000070ba00000, 0x000000070bb00000|  0%| F|  |TAMS 0x000000070ba00000, 0x000000070ba00000| Untracked 
| 161|0x000000070bb00000, 0x000000070bb00000, 0x000000070bc00000|  0%| F|  |TAMS 0x000000070bb00000, 0x000000070bb00000| Untracked 
| 162|0x000000070bc00000, 0x000000070bc00000, 0x000000070bd00000|  0%| F|  |TAMS 0x000000070bc00000, 0x000000070bc00000| Untracked 
| 163|0x000000070bd00000, 0x000000070bd00000, 0x000000070be00000|  0%| F|  |TAMS 0x000000070bd00000, 0x000000070bd00000| Untracked 
| 164|0x000000070be00000, 0x000000070be00000, 0x000000070bf00000|  0%| F|  |TAMS 0x000000070be00000, 0x000000070be00000| Untracked 
| 165|0x000000070bf00000, 0x000000070bf00000, 0x000000070c000000|  0%| F|  |TAMS 0x000000070bf00000, 0x000000070bf00000| Untracked 
| 166|0x000000070c000000, 0x000000070c000000, 0x000000070c100000|  0%| F|  |TAMS 0x000000070c000000, 0x000000070c000000| Untracked 
| 167|0x000000070c100000, 0x000000070c100000, 0x000000070c200000|  0%| F|  |TAMS 0x000000070c100000, 0x000000070c100000| Untracked 
| 168|0x000000070c200000, 0x000000070c200000, 0x000000070c300000|  0%| F|  |TAMS 0x000000070c200000, 0x000000070c200000| Untracked 
| 169|0x000000070c300000, 0x000000070c300000, 0x000000070c400000|  0%| F|  |TAMS 0x000000070c300000, 0x000000070c300000| Untracked 
| 170|0x000000070c400000, 0x000000070c400000, 0x000000070c500000|  0%| F|  |TAMS 0x000000070c400000, 0x000000070c400000| Untracked 
| 171|0x000000070c500000, 0x000000070c500000, 0x000000070c600000|  0%| F|  |TAMS 0x000000070c500000, 0x000000070c500000| Untracked 
| 172|0x000000070c600000, 0x000000070c600000, 0x000000070c700000|  0%| F|  |TAMS 0x000000070c600000, 0x000000070c600000| Untracked 
| 173|0x000000070c700000, 0x000000070c700000, 0x000000070c800000|  0%| F|  |TAMS 0x000000070c700000, 0x000000070c700000| Untracked 
| 174|0x000000070c800000, 0x000000070c800000, 0x000000070c900000|  0%| F|  |TAMS 0x000000070c800000, 0x000000070c800000| Untracked 
| 175|0x000000070c900000, 0x000000070c900000, 0x000000070ca00000|  0%| F|  |TAMS 0x000000070c900000, 0x000000070c900000| Untracked 
| 176|0x000000070ca00000, 0x000000070ca00000, 0x000000070cb00000|  0%| F|  |TAMS 0x000000070ca00000, 0x000000070ca00000| Untracked 
| 177|0x000000070cb00000, 0x000000070cb00000, 0x000000070cc00000|  0%| F|  |TAMS 0x000000070cb00000, 0x000000070cb00000| Untracked 
| 178|0x000000070cc00000, 0x000000070cc00000, 0x000000070cd00000|  0%| F|  |TAMS 0x000000070cc00000, 0x000000070cc00000| Untracked 
| 179|0x000000070cd00000, 0x000000070cd00000, 0x000000070ce00000|  0%| F|  |TAMS 0x000000070cd00000, 0x000000070cd00000| Untracked 
| 180|0x000000070ce00000, 0x000000070ce00000, 0x000000070cf00000|  0%| F|  |TAMS 0x000000070ce00000, 0x000000070ce00000| Untracked 
| 181|0x000000070cf00000, 0x000000070cf00000, 0x000000070d000000|  0%| F|  |TAMS 0x000000070cf00000, 0x000000070cf00000| Untracked 
| 182|0x000000070d000000, 0x000000070d000000, 0x000000070d100000|  0%| F|  |TAMS 0x000000070d000000, 0x000000070d000000| Untracked 
| 183|0x000000070d100000, 0x000000070d100000, 0x000000070d200000|  0%| F|  |TAMS 0x000000070d100000, 0x000000070d100000| Untracked 
| 184|0x000000070d200000, 0x000000070d200000, 0x000000070d300000|  0%| F|  |TAMS 0x000000070d200000, 0x000000070d200000| Untracked 
| 185|0x000000070d300000, 0x000000070d300000, 0x000000070d400000|  0%| F|  |TAMS 0x000000070d300000, 0x000000070d300000| Untracked 
| 186|0x000000070d400000, 0x000000070d400000, 0x000000070d500000|  0%| F|  |TAMS 0x000000070d400000, 0x000000070d400000| Untracked 
| 187|0x000000070d500000, 0x000000070d500000, 0x000000070d600000|  0%| F|  |TAMS 0x000000070d500000, 0x000000070d500000| Untracked 
| 188|0x000000070d600000, 0x000000070d600000, 0x000000070d700000|  0%| F|  |TAMS 0x000000070d600000, 0x000000070d600000| Untracked 
| 189|0x000000070d700000, 0x000000070d700000, 0x000000070d800000|  0%| F|  |TAMS 0x000000070d700000, 0x000000070d700000| Untracked 
| 190|0x000000070d800000, 0x000000070d800000, 0x000000070d900000|  0%| F|  |TAMS 0x000000070d800000, 0x000000070d800000| Untracked 
| 191|0x000000070d900000, 0x000000070d900000, 0x000000070da00000|  0%| F|  |TAMS 0x000000070d900000, 0x000000070d900000| Untracked 
| 192|0x000000070da00000, 0x000000070da00000, 0x000000070db00000|  0%| F|  |TAMS 0x000000070da00000, 0x000000070da00000| Untracked 
| 193|0x000000070db00000, 0x000000070db00000, 0x000000070dc00000|  0%| F|  |TAMS 0x000000070db00000, 0x000000070db00000| Untracked 
| 194|0x000000070dc00000, 0x000000070dc00000, 0x000000070dd00000|  0%| F|  |TAMS 0x000000070dc00000, 0x000000070dc00000| Untracked 
| 195|0x000000070dd00000, 0x000000070dd00000, 0x000000070de00000|  0%| F|  |TAMS 0x000000070dd00000, 0x000000070dd00000| Untracked 
| 196|0x000000070de00000, 0x000000070de00000, 0x000000070df00000|  0%| F|  |TAMS 0x000000070de00000, 0x000000070de00000| Untracked 
| 197|0x000000070df00000, 0x000000070df00000, 0x000000070e000000|  0%| F|  |TAMS 0x000000070df00000, 0x000000070df00000| Untracked 
| 198|0x000000070e000000, 0x000000070e000000, 0x000000070e100000|  0%| F|  |TAMS 0x000000070e000000, 0x000000070e000000| Untracked 
| 199|0x000000070e100000, 0x000000070e100000, 0x000000070e200000|  0%| F|  |TAMS 0x000000070e100000, 0x000000070e100000| Untracked 
| 200|0x000000070e200000, 0x000000070e200000, 0x000000070e300000|  0%| F|  |TAMS 0x000000070e200000, 0x000000070e200000| Untracked 
| 201|0x000000070e300000, 0x000000070e300000, 0x000000070e400000|  0%| F|  |TAMS 0x000000070e300000, 0x000000070e300000| Untracked 
| 202|0x000000070e400000, 0x000000070e400000, 0x000000070e500000|  0%| F|  |TAMS 0x000000070e400000, 0x000000070e400000| Untracked 
| 203|0x000000070e500000, 0x000000070e500000, 0x000000070e600000|  0%| F|  |TAMS 0x000000070e500000, 0x000000070e500000| Untracked 
| 204|0x000000070e600000, 0x000000070e600000, 0x000000070e700000|  0%| F|  |TAMS 0x000000070e600000, 0x000000070e600000| Untracked 
| 205|0x000000070e700000, 0x000000070e700000, 0x000000070e800000|  0%| F|  |TAMS 0x000000070e700000, 0x000000070e700000| Untracked 
| 206|0x000000070e800000, 0x000000070e800000, 0x000000070e900000|  0%| F|  |TAMS 0x000000070e800000, 0x000000070e800000| Untracked 
| 207|0x000000070e900000, 0x000000070e900000, 0x000000070ea00000|  0%| F|  |TAMS 0x000000070e900000, 0x000000070e900000| Untracked 
| 208|0x000000070ea00000, 0x000000070ea00000, 0x000000070eb00000|  0%| F|  |TAMS 0x000000070ea00000, 0x000000070ea00000| Untracked 
| 209|0x000000070eb00000, 0x000000070eb00000, 0x000000070ec00000|  0%| F|  |TAMS 0x000000070eb00000, 0x000000070eb00000| Untracked 
| 210|0x000000070ec00000, 0x000000070ec00000, 0x000000070ed00000|  0%| F|  |TAMS 0x000000070ec00000, 0x000000070ec00000| Untracked 
| 211|0x000000070ed00000, 0x000000070ed00000, 0x000000070ee00000|  0%| F|  |TAMS 0x000000070ed00000, 0x000000070ed00000| Untracked 
| 212|0x000000070ee00000, 0x000000070ee00000, 0x000000070ef00000|  0%| F|  |TAMS 0x000000070ee00000, 0x000000070ee00000| Untracked 
| 213|0x000000070ef00000, 0x000000070ef00000, 0x000000070f000000|  0%| F|  |TAMS 0x000000070ef00000, 0x000000070ef00000| Untracked 
| 214|0x000000070f000000, 0x000000070f000000, 0x000000070f100000|  0%| F|  |TAMS 0x000000070f000000, 0x000000070f000000| Untracked 
| 215|0x000000070f100000, 0x000000070f100000, 0x000000070f200000|  0%| F|  |TAMS 0x000000070f100000, 0x000000070f100000| Untracked 
| 216|0x000000070f200000, 0x000000070f200000, 0x000000070f300000|  0%| F|  |TAMS 0x000000070f200000, 0x000000070f200000| Untracked 
| 217|0x000000070f300000, 0x000000070f300000, 0x000000070f400000|  0%| F|  |TAMS 0x000000070f300000, 0x000000070f300000| Untracked 
| 218|0x000000070f400000, 0x000000070f400000, 0x000000070f500000|  0%| F|  |TAMS 0x000000070f400000, 0x000000070f400000| Untracked 
| 219|0x000000070f500000, 0x000000070f500000, 0x000000070f600000|  0%| F|  |TAMS 0x000000070f500000, 0x000000070f500000| Untracked 
| 220|0x000000070f600000, 0x000000070f600000, 0x000000070f700000|  0%| F|  |TAMS 0x000000070f600000, 0x000000070f600000| Untracked 
| 221|0x000000070f700000, 0x000000070f700000, 0x000000070f800000|  0%| F|  |TAMS 0x000000070f700000, 0x000000070f700000| Untracked 
| 222|0x000000070f800000, 0x000000070f800000, 0x000000070f900000|  0%| F|  |TAMS 0x000000070f800000, 0x000000070f800000| Untracked 
| 223|0x000000070f900000, 0x000000070f900000, 0x000000070fa00000|  0%| F|  |TAMS 0x000000070f900000, 0x000000070f900000| Untracked 
| 224|0x000000070fa00000, 0x000000070fa00000, 0x000000070fb00000|  0%| F|  |TAMS 0x000000070fa00000, 0x000000070fa00000| Untracked 
| 225|0x000000070fb00000, 0x000000070fb00000, 0x000000070fc00000|  0%| F|  |TAMS 0x000000070fb00000, 0x000000070fb00000| Untracked 
| 226|0x000000070fc00000, 0x000000070fc00000, 0x000000070fd00000|  0%| F|  |TAMS 0x000000070fc00000, 0x000000070fc00000| Untracked 
| 227|0x000000070fd00000, 0x000000070fd00000, 0x000000070fe00000|  0%| F|  |TAMS 0x000000070fd00000, 0x000000070fd00000| Untracked 
| 228|0x000000070fe00000, 0x000000070fe00000, 0x000000070ff00000|  0%| F|  |TAMS 0x000000070fe00000, 0x000000070fe00000| Untracked 
| 229|0x000000070ff00000, 0x000000070ff00000, 0x0000000710000000|  0%| F|  |TAMS 0x000000070ff00000, 0x000000070ff00000| Untracked 
| 230|0x0000000710000000, 0x0000000710000000, 0x0000000710100000|  0%| F|  |TAMS 0x0000000710000000, 0x0000000710000000| Untracked 
| 231|0x0000000710100000, 0x0000000710100000, 0x0000000710200000|  0%| F|  |TAMS 0x0000000710100000, 0x0000000710100000| Untracked 
| 232|0x0000000710200000, 0x0000000710200000, 0x0000000710300000|  0%| F|  |TAMS 0x0000000710200000, 0x0000000710200000| Untracked 
| 233|0x0000000710300000, 0x0000000710300000, 0x0000000710400000|  0%| F|  |TAMS 0x0000000710300000, 0x0000000710300000| Untracked 
| 234|0x0000000710400000, 0x0000000710400000, 0x0000000710500000|  0%| F|  |TAMS 0x0000000710400000, 0x0000000710400000| Untracked 
| 235|0x0000000710500000, 0x0000000710500000, 0x0000000710600000|  0%| F|  |TAMS 0x0000000710500000, 0x0000000710500000| Untracked 
| 236|0x0000000710600000, 0x00000007106d9cc0, 0x0000000710700000| 85%| S|  |TAMS 0x0000000710600000, 0x0000000710600000| Complete 
| 237|0x0000000710700000, 0x0000000710800000, 0x0000000710800000|100%| S|  |TAMS 0x0000000710700000, 0x0000000710700000| Complete 
| 238|0x0000000710800000, 0x0000000710900000, 0x0000000710900000|100%| E|CS|TAMS 0x0000000710800000, 0x0000000710800000| Complete 
| 239|0x0000000710900000, 0x0000000710a00000, 0x0000000710a00000|100%| E|CS|TAMS 0x0000000710900000, 0x0000000710900000| Complete 
| 240|0x0000000710a00000, 0x0000000710b00000, 0x0000000710b00000|100%| E|CS|TAMS 0x0000000710a00000, 0x0000000710a00000| Complete 
| 241|0x0000000710b00000, 0x0000000710c00000, 0x0000000710c00000|100%| E|CS|TAMS 0x0000000710b00000, 0x0000000710b00000| Complete 
| 242|0x0000000710c00000, 0x0000000710d00000, 0x0000000710d00000|100%| E|CS|TAMS 0x0000000710c00000, 0x0000000710c00000| Complete 
| 243|0x0000000710d00000, 0x0000000710e00000, 0x0000000710e00000|100%| E|CS|TAMS 0x0000000710d00000, 0x0000000710d00000| Complete 
| 244|0x0000000710e00000, 0x0000000710f00000, 0x0000000710f00000|100%| E|CS|TAMS 0x0000000710e00000, 0x0000000710e00000| Complete 
| 245|0x0000000710f00000, 0x0000000711000000, 0x0000000711000000|100%| E|CS|TAMS 0x0000000710f00000, 0x0000000710f00000| Complete 
| 246|0x0000000711000000, 0x0000000711100000, 0x0000000711100000|100%| E|CS|TAMS 0x0000000711000000, 0x0000000711000000| Complete 
| 247|0x0000000711100000, 0x0000000711200000, 0x0000000711200000|100%| E|CS|TAMS 0x0000000711100000, 0x0000000711100000| Complete 
| 248|0x0000000711200000, 0x0000000711300000, 0x0000000711300000|100%| E|CS|TAMS 0x0000000711200000, 0x0000000711200000| Complete 
| 249|0x0000000711300000, 0x0000000711400000, 0x0000000711400000|100%| E|CS|TAMS 0x0000000711300000, 0x0000000711300000| Complete 
| 250|0x0000000711400000, 0x0000000711500000, 0x0000000711500000|100%| E|CS|TAMS 0x0000000711400000, 0x0000000711400000| Complete 
| 251|0x0000000711500000, 0x0000000711600000, 0x0000000711600000|100%| E|CS|TAMS 0x0000000711500000, 0x0000000711500000| Complete 
| 252|0x0000000711600000, 0x0000000711700000, 0x0000000711700000|100%| E|CS|TAMS 0x0000000711600000, 0x0000000711600000| Complete 
| 253|0x0000000711700000, 0x0000000711800000, 0x0000000711800000|100%| E|CS|TAMS 0x0000000711700000, 0x0000000711700000| Complete 
| 254|0x0000000711800000, 0x0000000711900000, 0x0000000711900000|100%| E|CS|TAMS 0x0000000711800000, 0x0000000711800000| Complete 
| 255|0x0000000711900000, 0x0000000711a00000, 0x0000000711a00000|100%| E|CS|TAMS 0x0000000711900000, 0x0000000711900000| Complete 

Card table byte_map: [0x00000202f5d50000,0x00000202f6550000] _byte_map_base: 0x00000202f2543000

Marking Bits (Prev, Next): (CMBitMap*) 0x00000202de1bf6a8, (CMBitMap*) 0x00000202de1bf6e0
 Prev Bits: [0x00000202f6d50000, 0x00000202face8000)
 Next Bits: [0x00000202facf0000, 0x00000202fec88000)

Polling page: 0x00000202dbff0000

Metaspace:

Usage:
  Non-class:     13.48 MB capacity,    13.19 MB ( 98%) used,   254.09 KB (  2%) free+waste,    42.69 KB ( <1%) overhead. 
      Class:      1.75 MB capacity,     1.60 MB ( 91%) used,   134.37 KB (  7%) free+waste,    21.56 KB (  1%) overhead. 
       Both:     15.23 MB capacity,    14.79 MB ( 97%) used,   388.46 KB (  2%) free+waste,    64.25 KB ( <1%) overhead. 

Virtual space:
  Non-class space:       14.00 MB reserved,      13.50 MB ( 96%) committed 
      Class space:        1.00 GB reserved,       1.75 MB ( <1%) committed 
             Both:        1.01 GB reserved,      15.25 MB (  1%) committed 

Chunk freelists:
   Non-Class:  2.75 KB
       Class:  0 bytes
        Both:  2.75 KB

CodeHeap 'non-profiled nmethods': size=238912Kb used=2170Kb max_used=2170Kb free=236741Kb
 bounds [0x00000202e6c00000, 0x00000202e6e70000, 0x00000202f5550000]
CodeHeap 'non-nmethods': size=6848Kb used=1128Kb max_used=1128Kb free=5719Kb
 bounds [0x00000202e6550000, 0x00000202e67c0000, 0x00000202e6c00000]
 total_blobs=1900 nmethods=1446 adapters=364
 compilation: enabled
              stopped_count=0, restarted_count=0
 full_count=0

Compilation events (10 events):
Event: 4.315 Thread 0x00000202ffaae800 nmethod 1442 0x00000202e6e1c710 code [0x00000202e6e1c920, 0x00000202e6e1cf20]
Event: 4.317 Thread 0x00000202ffaae800 1443  s    1       java.util.jar.JarFile::getInputStream (72 bytes)
Event: 4.318 Thread 0x00000202ffaae800 nmethod 1443 0x00000202e6e1d110 code [0x00000202e6e1d320, 0x00000202e6e1d840]
Event: 4.324 Thread 0x00000202ffaae800 1444       1       jdk.internal.loader.BuiltinClassLoader::loadClassOrNull (7 bytes)
Event: 4.325 Thread 0x00000202ffaae800 nmethod 1444 0x00000202e6e1da10 code [0x00000202e6e1dbc0, 0x00000202e6e1dd10]
Event: 4.325 Thread 0x00000202ffaae800 1445   !   1       jdk.internal.loader.BuiltinClassLoader::findClassOnClassPathOrNull (64 bytes)
Event: 4.325 Thread 0x00000202ffaae800 nmethod 1445 0x00000202e6e1dd90 code [0x00000202e6e1df80, 0x00000202e6e1e2a0]
Event: 4.327 Thread 0x00000202ffaae800 1446       1       jdk.internal.util.jar.JarIndex::get (49 bytes)
Event: 4.328 Thread 0x00000202ffaae800 nmethod 1446 0x00000202e6e1e490 code [0x00000202e6e1e680, 0x00000202e6e1e9b0]
Event: 4.328 Thread 0x00000202ffaae800 1447   !   1       jdk.internal.loader.URLClassPath$JarLoader::getResource (353 bytes)

GC Heap History (5 events):
Event: 1.773 GC heap before
{Heap before GC invocations=0 (full 0):
 garbage-first heap   total 262144K, used 14336K [0x0000000701a00000, 0x0000000800000000)
  region size 1024K, 14 young (14336K), 0 survivors (0K)
 Metaspace       used 6139K, capacity 6174K, committed 6272K, reserved 1056768K
  class space    used 544K, capacity 567K, committed 640K, reserved 1048576K
}
Event: 1.782 GC heap after
{Heap after GC invocations=1 (full 0):
 garbage-first heap   total 262144K, used 12237K [0x0000000701a00000, 0x0000000800000000)
  region size 1024K, 2 young (2048K), 2 survivors (2048K)
 Metaspace       used 6139K, capacity 6174K, committed 6272K, reserved 1056768K
  class space    used 544K, capacity 567K, committed 640K, reserved 1048576K
}
Event: 3.507 GC heap before
{Heap before GC invocations=1 (full 0):
 garbage-first heap   total 262144K, used 22477K [0x0000000701a00000, 0x0000000800000000)
  region size 1024K, 12 young (12288K), 2 survivors (2048K)
 Metaspace       used 10989K, capacity 11203K, committed 11264K, reserved 1058816K
  class space    used 1143K, capacity 1227K, committed 1280K, reserved 1048576K
}
Event: 3.514 GC heap after
{Heap after GC invocations=2 (full 0):
 garbage-first heap   total 262144K, used 18773K [0x0000000701a00000, 0x0000000800000000)
  region size 1024K, 2 young (2048K), 2 survivors (2048K)
 Metaspace       used 10989K, capacity 11203K, committed 11264K, reserved 1058816K
  class space    used 1143K, capacity 1227K, committed 1280K, reserved 1048576K
}
Event: 4.331 GC heap before
{Heap before GC invocations=2 (full 0):
 garbage-first heap   total 262144K, used 34133K [0x0000000701a00000, 0x0000000800000000)
  region size 1024K, 18 young (18432K), 2 survivors (2048K)
 Metaspace       used 15141K, capacity 15594K, committed 15616K, reserved 1062912K
  class space    used 1636K, capacity 1792K, committed 1792K, reserved 1048576K
}

Deoptimization events (0 events):
No events

Classes redefined (0 events):
No events

Internal exceptions (10 events):
Event: 3.768 Thread 0x00000202de15b000 Exception <a 'java/io/FileNotFoundException'{0x0000000711527700}> (0x0000000711527700) thrown at [./open/src/hotspot/share/prims/jni.cpp, line 611]
Event: 4.031 Thread 0x00000202de15b000 Exception <a 'java/lang/NoSuchMethodError'{0x000000071108d010}: java.lang.invoke.DirectMethodHandle$Holder.invokeStaticInit(Ljava/lang/Object;Ljava/lang/Object;)I> (0x000000071108d010) thrown at [./open/src/hotspot/share/interpreter/linkResolver.cpp, line
Event: 4.072 Thread 0x000002028309d000 Exception <a 'java/lang/NoSuchMethodError'{0x0000000710d19060}: static [B.<clinit>()V> (0x0000000710d19060) thrown at [./open/src/hotspot/share/prims/jni.cpp, line 1362]
Event: 4.116 Thread 0x000002028309d000 Exception <a 'java/lang/ClassNotFoundException'{0x0000000710c7ec58}: javax/management/remote/rmi/RMIConnectionImpl_Skel> (0x0000000710c7ec58) thrown at [./open/src/hotspot/share/classfile/systemDictionary.cpp, line 228]
Event: 4.127 Thread 0x00000202831e0000 Exception <a 'java/lang/NoSuchMethodError'{0x0000000710ce6140}: java.lang.invoke.Invokers$Holder.linkToTargetMethod(Ljava/lang/Object;JLjava/lang/Object;)Ljava/lang/Object;> (0x0000000710ce6140) thrown at [./open/src/hotspot/share/interpreter/linkResolver
Event: 4.157 Thread 0x000002028309d000 Exception <a 'java/lang/reflect/InvocationTargetException'{0x0000000710bb4268}> (0x0000000710bb4268) thrown at [./open/src/hotspot/share/runtime/reflection.cpp, line 1242]
Event: 4.167 Thread 0x000002028309d000 Exception <a 'java/lang/NoSuchMethodError'{0x0000000710bd87f0}: static [Ljava/lang/StackTraceElement;.<clinit>()V> (0x0000000710bd87f0) thrown at [./open/src/hotspot/share/prims/jni.cpp, line 1362]
Event: 4.253 Thread 0x00000202de15b000 Exception <a 'java/lang/NoSuchMethodError'{0x000000071090f140}: java.lang.invoke.DirectMethodHandle$Holder.invokeStaticInit(Ljava/lang/Object;Ljava/lang/Object;Ljava/lang/Object;)I> (0x000000071090f140) thrown at [./open/src/hotspot/share/interpreter/link
Event: 4.262 Thread 0x00000202de15b000 Exception <a 'java/lang/NoSuchMethodError'{0x0000000710943d50}: java.lang.invoke.DirectMethodHandle$Holder.invokeVirtual(Ljava/lang/Object;Ljava/lang/Object;Ljava/lang/Object;)Ljava/lang/Object;> (0x0000000710943d50) thrown at [./open/src/hotspot/share/in
Event: 4.277 Thread 0x00000202de15b000 Exception <a 'java/lang/NoSuchMethodError'{0x000000071098f2e8}: java.lang.invoke.DirectMethodHandle$Holder.invokeSpecial(Ljava/lang/Object;Ljava/lang/Object;)V> (0x000000071098f2e8) thrown at [./open/src/hotspot/share/interpreter/linkResolver.cpp, line 77

Events (10 events):
Event: 4.327 loading class org/zeroturnaround/javarebel/Integration done
Event: 4.328 loading class org/zeroturnaround/javarebel$Integration
Event: 4.328 loading class org/zeroturnaround/javarebel$Integration done
Event: 4.328 loading class org/zeroturnaround/javarebel/ReloaderFactory
Event: 4.329 loading class org/zeroturnaround/javarebel/ReloaderFactory done
Event: 4.329 loading class org/zeroturnaround/javarebel$ReloaderFactory
Event: 4.329 loading class org/zeroturnaround/javarebel$ReloaderFactory done
Event: 4.330 loading class org/hotswap/agent/HotswapAgent
Event: 4.330 loading class org/hotswap/agent/HotswapAgent done
Event: 4.330 Executing VM operation: G1CollectForAllocation


Dynamic libraries:
0x00007ff666ef0000 - 0x00007ff666f37000 	C:\Program Files\Java\jdk-11.0.7\bin\javaw.exe
0x00007ffee0160000 - 0x00007ffee0350000 	C:\Windows\SYSTEM32\ntdll.dll
0x00007ffee0060000 - 0x00007ffee0112000 	C:\Windows\System32\KERNEL32.DLL
0x00007ffeddef0000 - 0x00007ffede194000 	C:\Windows\System32\KERNELBASE.dll
0x00007ffedfaa0000 - 0x00007ffedfb43000 	C:\Windows\System32\ADVAPI32.dll
0x00007ffedf630000 - 0x00007ffedf6ce000 	C:\Windows\System32\msvcrt.dll
0x00007ffedfa00000 - 0x00007ffedfa97000 	C:\Windows\System32\sechost.dll
0x00007ffedf6d0000 - 0x00007ffedf7f0000 	C:\Windows\System32\RPCRT4.dll
0x00007ffedf2e0000 - 0x00007ffedf474000 	C:\Windows\System32\USER32.dll
0x00007ffedd580000 - 0x00007ffedd5a1000 	C:\Windows\System32\win32u.dll
0x00007ffedff50000 - 0x00007ffedff76000 	C:\Windows\System32\GDI32.dll
0x00007ffedd190000 - 0x00007ffedd324000 	C:\Windows\System32\gdi32full.dll
0x00007ffedd0f0000 - 0x00007ffedd18e000 	C:\Windows\System32\msvcp_win.dll
0x00007ffedd330000 - 0x00007ffedd42a000 	C:\Windows\System32\ucrtbase.dll
0x00007ffec4a70000 - 0x00007ffec4cf4000 	C:\Windows\WinSxS\amd64_microsoft.windows.common-controls_6595b64144ccf1df_6.0.18362.836_none_e6c4b943130f18ed\COMCTL32.dll
0x00007ffedfbb0000 - 0x00007ffedfee6000 	C:\Windows\System32\combase.dll
0x00007ffedd6c0000 - 0x00007ffedd740000 	C:\Windows\System32\bcryptPrimitives.dll
0x00007ffecefd0000 - 0x00007ffecefda000 	C:\Windows\SYSTEM32\VERSION.dll
0x00007ffede210000 - 0x00007ffede23e000 	C:\Windows\System32\IMM32.DLL
0x00007ffead980000 - 0x00007ffead996000 	C:\Program Files\Java\jdk-11.0.7\bin\vcruntime140.dll
0x00007ffea0610000 - 0x00007ffea06ba000 	C:\Program Files\Java\jdk-11.0.7\bin\msvcp140.dll
0x00007ffe8df20000 - 0x00007ffe8ea81000 	C:\Program Files\Java\jdk-11.0.7\bin\server\jvm.dll
0x00007ffedf190000 - 0x00007ffedf198000 	C:\Windows\System32\PSAPI.DLL
0x00007ffec3550000 - 0x00007ffec3559000 	C:\Windows\SYSTEM32\WSOCK32.dll
0x00007ffedf120000 - 0x00007ffedf18f000 	C:\Windows\System32\WS2_32.dll
0x00007ffedab30000 - 0x00007ffedab54000 	C:\Windows\SYSTEM32\WINMM.dll
0x00007ffedab00000 - 0x00007ffedab2d000 	C:\Windows\SYSTEM32\WINMMBASE.dll
0x00007ffede1c0000 - 0x00007ffede20a000 	C:\Windows\System32\cfgmgr32.dll
0x00007ffedd080000 - 0x00007ffedd091000 	C:\Windows\System32\kernel.appcore.dll
0x00007ffe9fbc0000 - 0x00007ffe9fbd1000 	C:\Program Files\Java\jdk-11.0.7\bin\verify.dll
0x00007ffec3350000 - 0x00007ffec3544000 	C:\Windows\SYSTEM32\DBGHELP.DLL
0x00007ffec3320000 - 0x00007ffec334a000 	C:\Windows\SYSTEM32\dbgcore.DLL
0x00007ffe8def0000 - 0x00007ffe8df19000 	C:\Program Files\Java\jdk-11.0.7\bin\java.dll
0x00007ffed5480000 - 0x00007ffed548a000 	C:\Program Files\Java\jdk-11.0.7\bin\jimage.dll
0x00007ffe8ded0000 - 0x00007ffe8dee6000 	C:\Program Files\Java\jdk-11.0.7\bin\zip.dll
0x00007ffede860000 - 0x00007ffedef44000 	C:\Windows\System32\SHELL32.dll
0x00007ffedf7f0000 - 0x00007ffedf899000 	C:\Windows\System32\shcore.dll
0x00007ffedd740000 - 0x00007ffeddebe000 	C:\Windows\System32\windows.storage.dll
0x00007ffedd030000 - 0x00007ffedd053000 	C:\Windows\System32\profapi.dll
0x00007ffedd0a0000 - 0x00007ffedd0ea000 	C:\Windows\System32\powrprof.dll
0x00007ffedd020000 - 0x00007ffedd030000 	C:\Windows\System32\UMPDC.dll
0x00007ffedfef0000 - 0x00007ffedff42000 	C:\Windows\System32\shlwapi.dll
0x00007ffede1a0000 - 0x00007ffede1b7000 	C:\Windows\System32\cryptsp.dll
0x00007ffe8deb0000 - 0x00007ffe8dec9000 	C:\Program Files\Java\jdk-11.0.7\bin\net.dll
0x00007ffed4e50000 - 0x00007ffed4f40000 	C:\Windows\SYSTEM32\WINHTTP.dll
0x00007ffedc800000 - 0x00007ffedc867000 	C:\Windows\system32\mswsock.dll
0x00007ffe8de90000 - 0x00007ffe8dea3000 	C:\Program Files\Java\jdk-11.0.7\bin\nio.dll
0x00007ffed4db0000 - 0x00007ffed4db9000 	C:\Program Files\Java\jdk-11.0.7\bin\management.dll
0x00007ffead9a0000 - 0x00007ffead9ac000 	C:\Program Files\Java\jdk-11.0.7\bin\management_ext.dll
0x00007ffe9f440000 - 0x00007ffe9f456000 	C:\Windows\system32\napinsp.dll
0x00007ffe9f420000 - 0x00007ffe9f43a000 	C:\Windows\system32\pnrpnsp.dll
0x00007ffedc550000 - 0x00007ffedc61b000 	C:\Windows\SYSTEM32\DNSAPI.dll
0x00007ffede240000 - 0x00007ffede248000 	C:\Windows\System32\NSI.dll
0x00007ffedc510000 - 0x00007ffedc54a000 	C:\Windows\SYSTEM32\IPHLPAPI.DLL
0x00007ffeaa6d0000 - 0x00007ffeaa6de000 	C:\Windows\System32\winrnr.dll
0x00007ffed97c0000 - 0x00007ffed97dc000 	C:\Windows\system32\NLAapi.dll
0x00007ffeb81c0000 - 0x00007ffeb81d5000 	C:\Windows\system32\wshbth.dll
0x00007ffed4d70000 - 0x00007ffed4d7a000 	C:\Windows\System32\rasadhlp.dll
0x00007ffed5a40000 - 0x00007ffed5ab7000 	C:\Windows\System32\fwpuclnt.dll
0x00007ffeddec0000 - 0x00007ffeddee6000 	C:\Windows\System32\bcrypt.dll
0x00007ffedc360000 - 0x00007ffedc393000 	C:\Windows\system32\rsaenh.dll
0x00007ffedcf40000 - 0x00007ffedcf65000 	C:\Windows\SYSTEM32\USERENV.dll
0x00007ffedc9e0000 - 0x00007ffedc9ec000 	C:\Windows\SYSTEM32\CRYPTBASE.dll
0x00007ffed7300000 - 0x00007ffed7316000 	C:\Windows\SYSTEM32\dhcpcsvc6.DLL
0x00007ffed7460000 - 0x00007ffed747c000 	C:\Windows\SYSTEM32\dhcpcsvc.DLL

dbghelp: loaded successfully - version: 4.0.5 - missing functions: none
symbol engine: initialized successfully - sym options: 0x614 - pdb path: .;C:\Program Files\Java\jdk-11.0.7\bin;C:\Windows\SYSTEM32;C:\Windows\WinSxS\amd64_microsoft.windows.common-controls_6595b64144ccf1df_6.0.18362.836_none_e6c4b943130f18ed;C:\Program Files\Java\jdk-11.0.7\bin\server

VM Arguments:
jvm_args: -Dcom.sun.management.jmxremote -Dcom.sun.management.jmxremote.port=49811 -Dcom.sun.management.jmxremote.authenticate=false -Dcom.sun.management.jmxremote.ssl=false -Djava.rmi.server.hostname=localhost -Dspring.jmx.enabled=true -Dspring.application.admin.enabled=true -Xverify:none -XX:TieredStopAtLevel=1 -Dspring.boot.project.name=cursomc-master -Dfile.encoding=UTF-8 
java_command: com.thiagolima.cursomc.CursomcApplication --spring.output.ansi.enabled=always
java_class_path (initial): C:\Users\thiso\OneDrive\Documentos\spring-tool-suite-4-4.6.1.RELEASE-e4.15.0-win32.win32.x86_64.self-extracting\sts-4.6.1.RELEASE\Projetos\cursomc-master\target\classes;C:\Users\thiso\.m2\repository\org\springframework\boot\spring-boot-starter-web\2.2.4.RELEASE\spring-boot-starter-web-2.2.4.RELEASE.jar;C:\Users\thiso\.m2\repository\org\springframework\boot\spring-boot-starter\2.2.4.RELEASE\spring-boot-starter-2.2.4.RELEASE.jar;C:\Users\thiso\.m2\repository\org\springframework\boot\spring-boot-starter-logging\2.2.4.RELEASE\spring-boot-starter-logging-2.2.4.RELEASE.jar;C:\Users\thiso\.m2\repository\ch\qos\logback\logback-classic\1.2.3\logback-classic-1.2.3.jar;C:\Users\thiso\.m2\repository\ch\qos\logback\logback-core\1.2.3\logback-core-1.2.3.jar;C:\Users\thiso\.m2\repository\org\apache\logging\log4j\log4j-to-slf4j\2.12.1\log4j-to-slf4j-2.12.1.jar;C:\Users\thiso\.m2\repository\org\apache\logging\log4j\log4j-api\2.12.1\log4j-api-2.12.1.jar;C:\Users\thiso\.m2\repository\org\slf4j\jul-to-slf4j\1.7.30\jul-to-slf4j-1.7.30.jar;C:\Users\thiso\.m2\repository\jakarta\annotation\jakarta.annotation-api\1.3.5\jakarta.annotation-api-1.3.5.jar;C:\Users\thiso\.m2\repository\org\yaml\snakeyaml\1.25\snakeyaml-1.25.jar;C:\Users\thiso\.m2\repository\org\springframework\boot\spring-boot-starter-json\2.2.4.RELEASE\spring-boot-starter-json-2.2.4.RELEASE.jar;C:\Users\thiso\.m2\repository\com\fasterxml\jackson\datatype\jackson-datatype-jdk8\2.10.2\jackson-datatype-jdk8-2.10.2.jar;C:\Users\thiso\.m2\repository\com\fasterxml\jackson\datatype\jackson-datatype-jsr310\2.10.2\jackson-datatype-jsr310-2.10.2.jar;C:\Users\thiso\.m2\repository\com\fasterxml\jackson\module\jackson-module-parameter-names\2.10.2\jackson-module-parameter-names-2.10.2.jar;C:\Users\thiso\.m2\repository\org\springframework\boot\spring-boot-starter-tomcat\2.2.4.RELEASE\spring-boot-starter-tomcat-2.2.4.RELEASE.jar;C:\Users\thiso\.m2\repository\org\apache\tomcat\embed\tomcat-embed-core\9.0.30\tomcat-
Launcher Type: SUN_STANDARD

[Global flags]
     bool BytecodeVerificationLocal                = false                                     {product} {command line}
     bool BytecodeVerificationRemote               = false                                     {product} {command line}
     intx CICompilerCount                          = 3                                         {product} {ergonomic}
     uint ConcGCThreads                            = 1                                         {product} {ergonomic}
     uint G1ConcRefinementThreads                  = 4                                         {product} {ergonomic}
   size_t G1HeapRegionSize                         = 1048576                                   {product} {ergonomic}
    uintx GCDrainStackTargetSize                   = 64                                        {product} {ergonomic}
   size_t InitialHeapSize                          = 268435456                                 {product} {ergonomic}
     bool ManagementServer                         = true                                      {product} {command line}
   size_t MarkStackSize                            = 4194304                                   {product} {ergonomic}
   size_t MaxHeapSize                              = 4267704320                                {product} {ergonomic}
   size_t MaxNewSize                               = 2560622592                                {product} {ergonomic}
   size_t MinHeapDeltaBytes                        = 1048576                                   {product} {ergonomic}
    uintx NonNMethodCodeHeapSize                   = 6973028                                {pd product} {ergonomic}
    uintx NonProfiledCodeHeapSize                  = 244685212                              {pd product} {ergonomic}
    uintx ProfiledCodeHeapSize                     = 0                                      {pd product} {ergonomic}
    uintx ReservedCodeCacheSize                    = 251658240                              {pd product} {ergonomic}
     bool SegmentedCodeCache                       = true                                      {product} {ergonomic}
     intx TieredStopAtLevel                        = 1                                         {product} {command line}
     bool UseCompressedClassPointers               = true                                 {lp64_product} {ergonomic}
     bool UseCompressedOops                        = true                                 {lp64_product} {ergonomic}
     bool UseG1GC                                  = true                                      {product} {ergonomic}
     bool UseLargePagesIndividualAllocation        = false                                  {pd product} {ergonomic}

Logging:
Log output configuration:
 #0: stdout all=warning uptime,level,tags
 #1: stderr all=off uptime,level,tags

Environment Variables:
JAVA_HOME=C:\Program Files\Java\jdk-11.0.7
PATH=C:/Program Files/Java/jdk-11.0.7/bin/server;C:/Program Files/Java/jdk-11.0.7/bin;C:\Program Files\Java\jdk-11.0.7\bin;C:\xampp\mysql\bin;C:\Users\thiso\AppData\Local\Microsoft\WindowsApps;C:\Users\thiso\AppData\Local\GitHubDesktop\bin;C:\Users\thiso\.dotnet\tools;C:\Program Files\heroku\bin;C:\Users\thiso\OneDrive\Documentos\spring-tool-suite-4-4.6.1.RELEASE-e4.15.0-win32.win32.x86_64.self-extracting\sts-4.6.1.RELEASE;
USERNAME=thiso
OS=Windows_NT
PROCESSOR_IDENTIFIER=Intel64 Family 6 Model 42 Stepping 7, GenuineIntel



---------------  S Y S T E M  ---------------

OS: Windows 10 , 64 bit Build 18362 (10.0.18362.778)

CPU:total 4 (initial active 4) (2 cores per cpu, 2 threads per core) family 6 model 42 stepping 7, cmov, cx8, fxsr, mmx, sse, sse2, sse3, ssse3, sse4.1, sse4.2, popcnt, avx, aes, clmul, ht, tsc, tscinvbit

Memory: 4k page, system-wide physical 16274M (12134M free)
TotalPageFile size 18706M (AvailPageFile size 13884M)
current process WorkingSet (physical memory assigned to process): 98M, peak: 98M
current process commit charge ("private bytes"): 357M, peak: 357M

vm_info: Java HotSpot(TM) 64-Bit Server VM (11.0.7+8-LTS) for windows-amd64 JRE (11.0.7+8-LTS), built on Mar 12 2020 02:04:32 by "mach5one" with MS VC++ 15.5 (VS2017)

END.
